
*** Running vivado
    with args -log version1_hw_add_generator_0_0.vds -m64 -product Vivado -mode batch -messageDb vivado.pb -notrace -source version1_hw_add_generator_0_0.tcl


****** Vivado v2017.2 (64-bit)
  **** SW Build 1909853 on Thu Jun 15 18:39:10 MDT 2017
  **** IP Build 1909766 on Thu Jun 15 19:58:00 MDT 2017
    ** Copyright 1986-2017 Xilinx, Inc. All Rights Reserved.

source version1_hw_add_generator_0_0.tcl -notrace
Command: synth_design -top version1_hw_add_generator_0_0 -part xc7z010clg400-1 -mode out_of_context
Starting synth_design
Attempting to get a license for feature 'Synthesis' and/or device 'xc7z010-clg400'
INFO: [Common 17-349] Got license for feature 'Synthesis' and/or device 'xc7z010-clg400'
INFO: Launching helper process for spawning children vivado processes
INFO: Helper process launched with PID 5407 
---------------------------------------------------------------------------------
Starting RTL Elaboration : Time (s): cpu = 00:00:03 ; elapsed = 00:00:04 . Memory (MB): peak = 1211.465 ; gain = 69.996 ; free physical = 9395 ; free virtual = 21224
---------------------------------------------------------------------------------
INFO: [Synth 8-638] synthesizing module 'version1_hw_add_generator_0_0' [/home/ibai/vivado/ESDC/Lab2/version1_hw/version1_hw.srcs/sources_1/bd/version1_hw/ip/version1_hw_add_generator_0_0/synth/version1_hw_add_generator_0_0.vhd:64]
INFO: [Synth 8-3491] module 'add_generator' declared at '/home/ibai/vivado/ESDC/Lab2/version1_hw/version1_hw.srcs/sources_1/bd/version1_hw/ipshared/b8f4/add_generator.vhd:5' bound to instance 'U0' of component 'add_generator' [/home/ibai/vivado/ESDC/Lab2/version1_hw/version1_hw.srcs/sources_1/bd/version1_hw/ip/version1_hw_add_generator_0_0/synth/version1_hw_add_generator_0_0.vhd:79]
INFO: [Synth 8-638] synthesizing module 'add_generator' [/home/ibai/vivado/ESDC/Lab2/version1_hw/version1_hw.srcs/sources_1/bd/version1_hw/ipshared/b8f4/add_generator.vhd:10]
INFO: [Synth 8-256] done synthesizing module 'add_generator' (1#1) [/home/ibai/vivado/ESDC/Lab2/version1_hw/version1_hw.srcs/sources_1/bd/version1_hw/ipshared/b8f4/add_generator.vhd:10]
INFO: [Synth 8-256] done synthesizing module 'version1_hw_add_generator_0_0' (2#1) [/home/ibai/vivado/ESDC/Lab2/version1_hw/version1_hw.srcs/sources_1/bd/version1_hw/ip/version1_hw_add_generator_0_0/synth/version1_hw_add_generator_0_0.vhd:64]
WARNING: [Synth 8-3331] design add_generator has unconnected port pixel_row[9]
WARNING: [Synth 8-3331] design add_generator has unconnected port pixel_row[0]
WARNING: [Synth 8-3331] design add_generator has unconnected port pixel_column[0]
---------------------------------------------------------------------------------
Finished RTL Elaboration : Time (s): cpu = 00:00:04 ; elapsed = 00:00:05 . Memory (MB): peak = 1252.965 ; gain = 111.496 ; free physical = 9383 ; free virtual = 21212
---------------------------------------------------------------------------------

Report Check Netlist: 
+------+------------------+-------+---------+-------+------------------+
|      |Item              |Errors |Warnings |Status |Description       |
+------+------------------+-------+---------+-------+------------------+
|1     |multi_driven_nets |      0|        0|Passed |Multi driven nets |
+------+------------------+-------+---------+-------+------------------+
---------------------------------------------------------------------------------
Finished RTL Optimization Phase 1 : Time (s): cpu = 00:00:04 ; elapsed = 00:00:05 . Memory (MB): peak = 1252.965 ; gain = 111.496 ; free physical = 9424 ; free virtual = 21254
---------------------------------------------------------------------------------
INFO: [Device 21-403] Loading part xc7z010clg400-1
INFO: [Project 1-570] Preparing netlist for logic optimization

Processing XDC Constraints
Initializing timing engine
Completed Processing XDC Constraints

INFO: [Project 1-111] Unisim Transformation Summary:
No Unisim elements were transformed.

Constraint Validation Runtime : Time (s): cpu = 00:00:00.02 ; elapsed = 00:00:00.02 . Memory (MB): peak = 1519.555 ; gain = 1.000 ; free physical = 8700 ; free virtual = 20545
---------------------------------------------------------------------------------
Finished Constraint Validation : Time (s): cpu = 00:00:12 ; elapsed = 00:00:13 . Memory (MB): peak = 1519.555 ; gain = 378.086 ; free physical = 8773 ; free virtual = 20626
---------------------------------------------------------------------------------
---------------------------------------------------------------------------------
Start Loading Part and Timing Information
---------------------------------------------------------------------------------
Loading part: xc7z010clg400-1
---------------------------------------------------------------------------------
Finished Loading Part and Timing Information : Time (s): cpu = 00:00:12 ; elapsed = 00:00:13 . Memory (MB): peak = 1519.555 ; gain = 378.086 ; free physical = 8772 ; free virtual = 20625
---------------------------------------------------------------------------------
---------------------------------------------------------------------------------
Start Applying 'set_property' XDC Constraints
---------------------------------------------------------------------------------
---------------------------------------------------------------------------------
Finished applying 'set_property' XDC Constraints : Time (s): cpu = 00:00:12 ; elapsed = 00:00:13 . Memory (MB): peak = 1519.555 ; gain = 378.086 ; free physical = 8773 ; free virtual = 20627
---------------------------------------------------------------------------------
---------------------------------------------------------------------------------
Finished RTL Optimization Phase 2 : Time (s): cpu = 00:00:12 ; elapsed = 00:00:13 . Memory (MB): peak = 1519.555 ; gain = 378.086 ; free physical = 8773 ; free virtual = 20627
---------------------------------------------------------------------------------

Report RTL Partitions: 
+-+--------------+------------+----------+
| |RTL Partition |Replication |Instances |
+-+--------------+------------+----------+
+-+--------------+------------+----------+
---------------------------------------------------------------------------------
Start RTL Component Statistics 
---------------------------------------------------------------------------------
Detailed RTL Component Info : 
---------------------------------------------------------------------------------
Finished RTL Component Statistics 
---------------------------------------------------------------------------------
---------------------------------------------------------------------------------
Start RTL Hierarchical Component Statistics 
---------------------------------------------------------------------------------
Hierarchical RTL Component report 
---------------------------------------------------------------------------------
Finished RTL Hierarchical Component Statistics
---------------------------------------------------------------------------------
---------------------------------------------------------------------------------
Start Part Resource Summary
---------------------------------------------------------------------------------
Part Resources:
DSPs: 80 (col length:40)
BRAMs: 120 (col length: RAMB18 40 RAMB36 20)
---------------------------------------------------------------------------------
Finished Part Resource Summary
---------------------------------------------------------------------------------
---------------------------------------------------------------------------------
Start Cross Boundary and Area Optimization
---------------------------------------------------------------------------------
WARNING: [Synth 8-3330] design version1_hw_add_generator_0_0 has an empty top module
WARNING: [Synth 8-3331] design version1_hw_add_generator_0_0 has unconnected port pixel_row[9]
WARNING: [Synth 8-3331] design version1_hw_add_generator_0_0 has unconnected port pixel_row[0]
WARNING: [Synth 8-3331] design version1_hw_add_generator_0_0 has unconnected port pixel_column[0]
---------------------------------------------------------------------------------
Finished Cross Boundary and Area Optimization : Time (s): cpu = 00:00:12 ; elapsed = 00:00:13 . Memory (MB): peak = 1519.555 ; gain = 378.086 ; free physical = 8784 ; free virtual = 20639
---------------------------------------------------------------------------------

Report RTL Partitions: 
+-+--------------+------------+----------+
| |RTL Partition |Replication |Instances |
+-+--------------+------------+----------+
+-+--------------+------------+----------+
---------------------------------------------------------------------------------
Start Applying XDC Timing Constraints
---------------------------------------------------------------------------------
---------------------------------------------------------------------------------
Finished Applying XDC Timing Constraints : Time (s): cpu = 00:00:18 ; elapsed = 00:00:19 . Memory (MB): peak = 1564.555 ; gain = 423.086 ; free physical = 8333 ; free virtual = 20188
---------------------------------------------------------------------------------
---------------------------------------------------------------------------------
Start Timing Optimization
---------------------------------------------------------------------------------
---------------------------------------------------------------------------------
Finished Timing Optimization : Time (s): cpu = 00:00:18 ; elapsed = 00:00:19 . Memory (MB): peak = 1564.555 ; gain = 423.086 ; free physical = 8333 ; free virtual = 20188
---------------------------------------------------------------------------------

Report RTL Partitions: 
+-+--------------+------------+----------+
| |RTL Partition |Replication |Instances |
+-+--------------+------------+----------+
+-+--------------+------------+----------+
---------------------------------------------------------------------------------
Start Technology Mapping
---------------------------------------------------------------------------------
---------------------------------------------------------------------------------
Finished Technology Mapping : Time (s): cpu = 00:00:18 ; elapsed = 00:00:19 . Memory (MB): peak = 1574.570 ; gain = 433.102 ; free physical = 8332 ; free virtual = 20187
---------------------------------------------------------------------------------

Report RTL Partitions: 
+-+--------------+------------+----------+
| |RTL Partition |Replication |Instances |
+-+--------------+------------+----------+
+-+--------------+------------+----------+
---------------------------------------------------------------------------------
Start IO Insertion
---------------------------------------------------------------------------------
---------------------------------------------------------------------------------
Start Flattening Before IO Insertion
---------------------------------------------------------------------------------
---------------------------------------------------------------------------------
Finished Flattening Before IO Insertion
---------------------------------------------------------------------------------
---------------------------------------------------------------------------------
Start Final Netlist Cleanup
---------------------------------------------------------------------------------
---------------------------------------------------------------------------------
Finished Final Netlist Cleanup
---------------------------------------------------------------------------------
---------------------------------------------------------------------------------
Finished IO Insertion : Time (s): cpu = 00:00:19 ; elapsed = 00:00:20 . Memory (MB): peak = 1574.570 ; gain = 433.102 ; free physical = 8377 ; free virtual = 20231
---------------------------------------------------------------------------------

Report Check Netlist: 
+------+------------------+-------+---------+-------+------------------+
|      |Item              |Errors |Warnings |Status |Description       |
+------+------------------+-------+---------+-------+------------------+
|1     |multi_driven_nets |      0|        0|Passed |Multi driven nets |
+------+------------------+-------+---------+-------+------------------+
---------------------------------------------------------------------------------
Start Renaming Generated Instances
---------------------------------------------------------------------------------
---------------------------------------------------------------------------------
Finished Renaming Generated Instances : Time (s): cpu = 00:00:19 ; elapsed = 00:00:20 . Memory (MB): peak = 1574.570 ; gain = 433.102 ; free physical = 8377 ; free virtual = 20231
---------------------------------------------------------------------------------

Report RTL Partitions: 
+-+--------------+------------+----------+
| |RTL Partition |Replication |Instances |
+-+--------------+------------+----------+
+-+--------------+------------+----------+
---------------------------------------------------------------------------------
Start Rebuilding User Hierarchy
---------------------------------------------------------------------------------
---------------------------------------------------------------------------------
Finished Rebuilding User Hierarchy : Time (s): cpu = 00:00:19 ; elapsed = 00:00:20 . Memory (MB): peak = 1574.570 ; gain = 433.102 ; free physical = 8369 ; free virtual = 20223
---------------------------------------------------------------------------------
---------------------------------------------------------------------------------
Start Renaming Generated Ports
---------------------------------------------------------------------------------
---------------------------------------------------------------------------------
Finished Renaming Generated Ports : Time (s): cpu = 00:00:19 ; elapsed = 00:00:20 . Memory (MB): peak = 1574.570 ; gain = 433.102 ; free physical = 8367 ; free virtual = 20222
---------------------------------------------------------------------------------
---------------------------------------------------------------------------------
Start Handling Custom Attributes
---------------------------------------------------------------------------------
---------------------------------------------------------------------------------
Finished Handling Custom Attributes : Time (s): cpu = 00:00:19 ; elapsed = 00:00:20 . Memory (MB): peak = 1574.570 ; gain = 433.102 ; free physical = 8367 ; free virtual = 20222
---------------------------------------------------------------------------------
---------------------------------------------------------------------------------
Start Renaming Generated Nets
---------------------------------------------------------------------------------
---------------------------------------------------------------------------------
Finished Renaming Generated Nets : Time (s): cpu = 00:00:19 ; elapsed = 00:00:20 . Memory (MB): peak = 1574.570 ; gain = 433.102 ; free physical = 8367 ; free virtual = 20222
---------------------------------------------------------------------------------
---------------------------------------------------------------------------------
Start Writing Synthesis Report
---------------------------------------------------------------------------------

Report BlackBoxes: 
+-+--------------+----------+
| |BlackBox name |Instances |
+-+--------------+----------+
+-+--------------+----------+

Report Cell Usage: 
+-+-----+------+
| |Cell |Count |
+-+-----+------+
+-+-----+------+

Report Instance Areas: 
+------+---------+-------+------+
|      |Instance |Module |Cells |
+------+---------+-------+------+
|1     |top      |       |     0|
+------+---------+-------+------+
---------------------------------------------------------------------------------
Finished Writing Synthesis Report : Time (s): cpu = 00:00:19 ; elapsed = 00:00:20 . Memory (MB): peak = 1574.570 ; gain = 433.102 ; free physical = 8367 ; free virtual = 20222
---------------------------------------------------------------------------------
Synthesis finished with 0 errors, 0 critical warnings and 4 warnings.
Synthesis Optimization Runtime : Time (s): cpu = 00:00:14 ; elapsed = 00:00:15 . Memory (MB): peak = 1574.570 ; gain = 166.512 ; free physical = 8408 ; free virtual = 20262
Synthesis Optimization Complete : Time (s): cpu = 00:00:19 ; elapsed = 00:00:20 . Memory (MB): peak = 1574.578 ; gain = 433.102 ; free physical = 8410 ; free virtual = 20264
INFO: [Project 1-571] Translating synthesized netlist
INFO: [Project 1-570] Preparing netlist for logic optimization
INFO: [Opt 31-138] Pushed 0 inverter(s) to 0 load pin(s).
INFO: [Project 1-111] Unisim Transformation Summary:
No Unisim elements were transformed.

13 Infos, 7 Warnings, 0 Critical Warnings and 0 Errors encountered.
synth_design completed successfully
synth_design: Time (s): cpu = 00:00:19 ; elapsed = 00:00:20 . Memory (MB): peak = 1579.570 ; gain = 450.688 ; free physical = 8372 ; free virtual = 20227
INFO: [Common 17-1381] The checkpoint '/home/ibai/vivado/ESDC/Lab2/version1_hw/version1_hw.runs/version1_hw_add_generator_0_0_synth_1/version1_hw_add_generator_0_0.dcp' has been generated.
