#-----------------------------------------------------------
# Webtalk v2017.2 (64-bit)
# SW Build 1909853 on Thu Jun 15 18:39:10 MDT 2017
# 
# Start of session at: Thu Apr 25 10:33:54 2019
# Process ID: 11359
# Current directory: /home/ibai/vivado/ESDC/Lab2/version1_sf/version1_sf.sdk/webtalk
# Command line: wbtcv -mode batch -source sdk_webtalk.tcl
# Log file: /home/ibai/vivado/ESDC/Lab2/version1_sf/version1_sf.sdk/webtalk/webtalk.log
# Journal file: /home/ibai/vivado/ESDC/Lab2/version1_sf/version1_sf.sdk/webtalk/webtalk.jou
#-----------------------------------------------------------
source sdk_webtalk.tcl
# webtalk_init -webtalk_dir /home/ibai/vivado/ESDC/Lab2/version1_sf/version1_sf.sdk/webtalk
# webtalk_register_client -client project
# webtalk_add_data -client project -key date_generated -value "2019-04-25 10:33:54" -context "software_version_and_target_device"
# webtalk_add_data -client project -key product_version -value "SDK v2017.2" -context "software_version_and_target_device"
# webtalk_add_data -client project -key build_version -value "2017.2" -context "software_version_and_target_device"
# webtalk_add_data -client project -key os_platform -value "amd64" -context "software_version_and_target_device"
# webtalk_add_data -client project -key registration_id -value "" -context "software_version_and_target_device"
# webtalk_add_data -client project -key tool_flow -value "SDK" -context "software_version_and_target_device"
# webtalk_add_data -client project -key beta -value "false" -context "software_version_and_target_device"
# webtalk_add_data -client project -key route_design -value "NA" -context "software_version_and_target_device"
# webtalk_add_data -client project -key target_family -value "NA" -context "software_version_and_target_device"
# webtalk_add_data -client project -key target_device -value "NA" -context "software_version_and_target_device"
# webtalk_add_data -client project -key target_package -value "NA" -context "software_version_and_target_device"
# webtalk_add_data -client project -key target_speed -value "NA" -context "software_version_and_target_device"
# webtalk_add_data -client project -key random_id -value "jhd08vhuksspmp6kumldr9itup" -context "software_version_and_target_device"
# webtalk_add_data -client project -key project_id -value "2017.2_7" -context "software_version_and_target_device"
# webtalk_add_data -client project -key project_iteration -value "7" -context "software_version_and_target_device"
# webtalk_add_data -client project -key os_name -value "Ubuntu" -context "user_environment"
# webtalk_add_data -client project -key os_release -value "Ubuntu 18.04.2 LTS" -context "user_environment"
# webtalk_add_data -client project -key cpu_name -value "Intel(R) Core(TM) i5-6300HQ CPU @ 2.30GHz" -context "user_environment"
# webtalk_add_data -client project -key cpu_speed -value "2923.363 MHz" -context "user_environment"
# webtalk_add_data -client project -key total_processors -value "1" -context "user_environment"
# webtalk_add_data -client project -key system_ram -value "16,000 GB" -context "user_environment"
# webtalk_register_client -client sdk
# webtalk_add_data -client sdk -key uid -value "1556180604000" -context "sdk\\\\hardware/1556180604000"
# webtalk_add_data -client sdk -key isZynq -value "true" -context "sdk\\\\hardware/1556180604000"
# webtalk_add_data -client sdk -key isZynqMP -value "false" -context "sdk\\\\hardware/1556180604000"
# webtalk_add_data -client sdk -key Processors -value "2" -context "sdk\\\\hardware/1556180604000"
# webtalk_add_data -client sdk -key VivadoVersion -value "2017.2" -context "sdk\\\\hardware/1556180604000"
# webtalk_add_data -client sdk -key Arch -value "zynq" -context "sdk\\\\hardware/1556180604000"
# webtalk_add_data -client sdk -key Device -value "7z010" -context "sdk\\\\hardware/1556180604000"
# webtalk_add_data -client sdk -key IsHandoff -value "true" -context "sdk\\\\hardware/1556180604000"
# webtalk_add_data -client sdk -key os -value "NA" -context "sdk\\\\hardware/1556180604000"
# webtalk_add_data -client sdk -key apptemplate -value "NA" -context "sdk\\\\hardware/1556180604000"
# webtalk_add_data -client sdk -key RecordType -value "HWCreation" -context "sdk\\\\hardware/1556180604000"
# webtalk_add_data -client sdk -key uid -value "1556180723000" -context "sdk\\\\bsp/1556180723000"
# webtalk_add_data -client sdk -key hwid -value "1556180604000" -context "sdk\\\\bsp/1556180723000"
# webtalk_add_data -client sdk -key os -value "standalone" -context "sdk\\\\bsp/1556180723000"
# webtalk_add_data -client sdk -key apptemplate -value "empty_application" -context "sdk\\\\bsp/1556180723000"
# webtalk_add_data -client sdk -key RecordType -value "BSPCreation" -context "sdk\\\\bsp/1556180723000"
# webtalk_add_data -client sdk -key uid -value "1556180724000" -context "sdk\\\\application/1556180724000"
# webtalk_add_data -client sdk -key hwid -value "1556180604000" -context "sdk\\\\application/1556180724000"
# webtalk_add_data -client sdk -key bspid -value "1556180723000" -context "sdk\\\\application/1556180724000"
# webtalk_add_data -client sdk -key newbsp -value "true" -context "sdk\\\\application/1556180724000"
# webtalk_add_data -client sdk -key os -value "standalone" -context "sdk\\\\application/1556180724000"
# webtalk_add_data -client sdk -key apptemplate -value "empty_application" -context "sdk\\\\application/1556180724000"
# webtalk_add_data -client sdk -key RecordType -value "APPCreation" -context "sdk\\\\application/1556180724000"
# webtalk_add_data -client sdk -key LangUsed -value "C" -context "sdk\\\\application/1556180724000"
# webtalk_add_data -client sdk -key Procused -value "ps7_cortexa9" -context "sdk\\\\application/1556180724000"
# webtalk_add_data -client sdk -key projSize -value "178.07421875" -context "sdk\\\\application/1556180724000"
# webtalk_add_data -client sdk -key uid -value "NA" -context "sdk\\\\bsp/1556181234056"
# webtalk_add_data -client sdk -key RecordType -value "ToolUsage" -context "sdk\\\\bsp/1556181234056"
# webtalk_add_data -client sdk -key BootgenCount -value "0" -context "sdk\\\\bsp/1556181234056"
# webtalk_add_data -client sdk -key DebugCount -value "0" -context "sdk\\\\bsp/1556181234056"
# webtalk_add_data -client sdk -key PerfCount -value "0" -context "sdk\\\\bsp/1556181234056"
# webtalk_add_data -client sdk -key FlashCount -value "0" -context "sdk\\\\bsp/1556181234056"
# webtalk_add_data -client sdk -key CrossTriggCount -value "0" -context "sdk\\\\bsp/1556181234056"
# webtalk_add_data -client sdk -key QemuDebugCount -value "0" -context "sdk\\\\bsp/1556181234056"
# webtalk_transmit -clientid 2118197491 -regid "" -xml /home/ibai/vivado/ESDC/Lab2/version1_sf/version1_sf.sdk/webtalk/usage_statistics_ext_sdk.xml -html /home/ibai/vivado/ESDC/Lab2/version1_sf/version1_sf.sdk/webtalk/usage_statistics_ext_sdk.html -wdm /home/ibai/vivado/ESDC/Lab2/version1_sf/version1_sf.sdk/webtalk/sdk_webtalk.wdm -intro "<H3>SDK Usage Report</H3><BR>"
INFO: [Common 17-186] '/home/ibai/vivado/ESDC/Lab2/version1_sf/version1_sf.sdk/webtalk/usage_statistics_ext_sdk.xml' has been successfully sent to Xilinx on Thu Apr 25 10:33:57 2019. For additional details about this file, please refer to the WebTalk help file at /opt/SDK/2017.2/doc/webtalk_introduction.html.
# webtalk_terminate
INFO: [Common 17-206] Exiting Webtalk at Thu Apr 25 10:33:57 2019...
