
*** Running vivado
    with args -log version1_hw_wr_memory_0_0.vds -m64 -product Vivado -mode batch -messageDb vivado.pb -notrace -source version1_hw_wr_memory_0_0.tcl


****** Vivado v2017.2 (64-bit)
  **** SW Build 1909853 on Thu Jun 15 18:39:10 MDT 2017
  **** IP Build 1909766 on Thu Jun 15 19:58:00 MDT 2017
    ** Copyright 1986-2017 Xilinx, Inc. All Rights Reserved.

source version1_hw_wr_memory_0_0.tcl -notrace
Command: synth_design -top version1_hw_wr_memory_0_0 -part xc7z010clg400-1 -mode out_of_context
Starting synth_design
Attempting to get a license for feature 'Synthesis' and/or device 'xc7z010-clg400'
INFO: [Common 17-349] Got license for feature 'Synthesis' and/or device 'xc7z010-clg400'
INFO: Launching helper process for spawning children vivado processes
INFO: Helper process launched with PID 5449 
---------------------------------------------------------------------------------
Starting RTL Elaboration : Time (s): cpu = 00:00:04 ; elapsed = 00:00:04 . Memory (MB): peak = 1211.469 ; gain = 69.996 ; free physical = 9386 ; free virtual = 21215
---------------------------------------------------------------------------------
INFO: [Synth 8-638] synthesizing module 'version1_hw_wr_memory_0_0' [/home/ibai/vivado/ESDC/Lab2/version1_hw/version1_hw.srcs/sources_1/bd/version1_hw/ip/version1_hw_wr_memory_0_0/synth/version1_hw_wr_memory_0_0.vhd:70]
INFO: [Synth 8-3491] module 'wr_memory' declared at '/home/ibai/vivado/ESDC/Lab2/version1_hw/version1_hw.srcs/sources_1/bd/version1_hw/ipshared/1a47/wr_memory.vhd:17' bound to instance 'U0' of component 'wr_memory' [/home/ibai/vivado/ESDC/Lab2/version1_hw/version1_hw.srcs/sources_1/bd/version1_hw/ip/version1_hw_wr_memory_0_0/synth/version1_hw_wr_memory_0_0.vhd:91]
INFO: [Synth 8-638] synthesizing module 'wr_memory' [/home/ibai/vivado/ESDC/Lab2/version1_hw/version1_hw.srcs/sources_1/bd/version1_hw/ipshared/1a47/wr_memory.vhd:28]
INFO: [Synth 8-256] done synthesizing module 'wr_memory' (1#1) [/home/ibai/vivado/ESDC/Lab2/version1_hw/version1_hw.srcs/sources_1/bd/version1_hw/ipshared/1a47/wr_memory.vhd:28]
INFO: [Synth 8-256] done synthesizing module 'version1_hw_wr_memory_0_0' (2#1) [/home/ibai/vivado/ESDC/Lab2/version1_hw/version1_hw.srcs/sources_1/bd/version1_hw/ip/version1_hw_wr_memory_0_0/synth/version1_hw_wr_memory_0_0.vhd:70]
---------------------------------------------------------------------------------
Finished RTL Elaboration : Time (s): cpu = 00:00:04 ; elapsed = 00:00:04 . Memory (MB): peak = 1252.969 ; gain = 111.496 ; free physical = 9423 ; free virtual = 21254
---------------------------------------------------------------------------------

Report Check Netlist: 
+------+------------------+-------+---------+-------+------------------+
|      |Item              |Errors |Warnings |Status |Description       |
+------+------------------+-------+---------+-------+------------------+
|1     |multi_driven_nets |      0|        0|Passed |Multi driven nets |
+------+------------------+-------+---------+-------+------------------+
---------------------------------------------------------------------------------
Finished RTL Optimization Phase 1 : Time (s): cpu = 00:00:04 ; elapsed = 00:00:04 . Memory (MB): peak = 1252.969 ; gain = 111.496 ; free physical = 9404 ; free virtual = 21234
---------------------------------------------------------------------------------
INFO: [Device 21-403] Loading part xc7z010clg400-1
INFO: [Project 1-570] Preparing netlist for logic optimization

Processing XDC Constraints
Initializing timing engine
Completed Processing XDC Constraints

INFO: [Project 1-111] Unisim Transformation Summary:
No Unisim elements were transformed.

Constraint Validation Runtime : Time (s): cpu = 00:00:00.02 ; elapsed = 00:00:00.02 . Memory (MB): peak = 1597.566 ; gain = 0.000 ; free physical = 8757 ; free virtual = 20602
---------------------------------------------------------------------------------
Finished Constraint Validation : Time (s): cpu = 00:00:12 ; elapsed = 00:00:13 . Memory (MB): peak = 1597.566 ; gain = 456.094 ; free physical = 8790 ; free virtual = 20644
---------------------------------------------------------------------------------
---------------------------------------------------------------------------------
Start Loading Part and Timing Information
---------------------------------------------------------------------------------
Loading part: xc7z010clg400-1
---------------------------------------------------------------------------------
Finished Loading Part and Timing Information : Time (s): cpu = 00:00:12 ; elapsed = 00:00:13 . Memory (MB): peak = 1597.566 ; gain = 456.094 ; free physical = 8790 ; free virtual = 20644
---------------------------------------------------------------------------------
---------------------------------------------------------------------------------
Start Applying 'set_property' XDC Constraints
---------------------------------------------------------------------------------
---------------------------------------------------------------------------------
Finished applying 'set_property' XDC Constraints : Time (s): cpu = 00:00:12 ; elapsed = 00:00:13 . Memory (MB): peak = 1597.566 ; gain = 456.094 ; free physical = 8789 ; free virtual = 20644
---------------------------------------------------------------------------------
INFO: [Synth 8-802] inferred FSM for state register 'st_write_reg' in module 'wr_memory'
WARNING: [Synth 8-6014] Unused sequential element st_write_reg was removed.  [/home/ibai/vivado/ESDC/Lab2/version1_hw/version1_hw.srcs/sources_1/bd/version1_hw/ipshared/1a47/wr_memory.vhd:50]
INFO: [Synth 8-5544] ROM "we" won't be mapped to Block RAM because address size (3) smaller than threshold (5)
INFO: [Synth 8-5544] ROM "done" won't be mapped to Block RAM because address size (3) smaller than threshold (5)
INFO: [Synth 8-5544] ROM "st_write" won't be mapped to Block RAM because address size (1) smaller than threshold (5)
INFO: [Synth 8-5544] ROM "st_write" won't be mapped to Block RAM because address size (1) smaller than threshold (5)
WARNING: [Synth 8-6014] Unused sequential element st_write_reg was removed.  [/home/ibai/vivado/ESDC/Lab2/version1_hw/version1_hw.srcs/sources_1/bd/version1_hw/ipshared/1a47/wr_memory.vhd:50]
WARNING: [Synth 8-6014] Unused sequential element st_write_reg was removed.  [/home/ibai/vivado/ESDC/Lab2/version1_hw/version1_hw.srcs/sources_1/bd/version1_hw/ipshared/1a47/wr_memory.vhd:50]
---------------------------------------------------------------------------------------------------
                   State |                     New Encoding |                Previous Encoding 
---------------------------------------------------------------------------------------------------
                      s0 |                              000 |                              000
                      s1 |                              001 |                              001
                      s2 |                              010 |                              010
                      s3 |                              011 |                              011
                      s4 |                              100 |                              100
                      s5 |                              101 |                              101
                      s6 |                              110 |                              110
---------------------------------------------------------------------------------------------------
INFO: [Synth 8-3354] encoded FSM with state register 'st_write_reg' using encoding 'sequential' in module 'wr_memory'
WARNING: [Synth 8-6014] Unused sequential element st_write_reg was removed.  [/home/ibai/vivado/ESDC/Lab2/version1_hw/version1_hw.srcs/sources_1/bd/version1_hw/ipshared/1a47/wr_memory.vhd:50]
---------------------------------------------------------------------------------
Finished RTL Optimization Phase 2 : Time (s): cpu = 00:00:12 ; elapsed = 00:00:13 . Memory (MB): peak = 1597.566 ; gain = 456.094 ; free physical = 8778 ; free virtual = 20632
---------------------------------------------------------------------------------

Report RTL Partitions: 
+-+--------------+------------+----------+
| |RTL Partition |Replication |Instances |
+-+--------------+------------+----------+
+-+--------------+------------+----------+
---------------------------------------------------------------------------------
Start RTL Component Statistics 
---------------------------------------------------------------------------------
Detailed RTL Component Info : 
+---Adders : 
	   2 Input     17 Bit       Adders := 1     
	   2 Input      8 Bit       Adders := 1     
	   2 Input      4 Bit       Adders := 2     
+---Registers : 
	               17 Bit    Registers := 1     
	                4 Bit    Registers := 2     
	                3 Bit    Registers := 1     
+---Muxes : 
	   7 Input     17 Bit        Muxes := 1     
	   7 Input      4 Bit        Muxes := 2     
	  10 Input      3 Bit        Muxes := 1     
	   2 Input      1 Bit        Muxes := 2     
	   7 Input      1 Bit        Muxes := 5     
---------------------------------------------------------------------------------
Finished RTL Component Statistics 
---------------------------------------------------------------------------------
---------------------------------------------------------------------------------
Start RTL Hierarchical Component Statistics 
---------------------------------------------------------------------------------
Hierarchical RTL Component report 
Module wr_memory 
Detailed RTL Component Info : 
+---Adders : 
	   2 Input     17 Bit       Adders := 1     
	   2 Input      8 Bit       Adders := 1     
	   2 Input      4 Bit       Adders := 2     
+---Registers : 
	               17 Bit    Registers := 1     
	                4 Bit    Registers := 2     
	                3 Bit    Registers := 1     
+---Muxes : 
	   7 Input     17 Bit        Muxes := 1     
	   7 Input      4 Bit        Muxes := 2     
	  10 Input      3 Bit        Muxes := 1     
	   2 Input      1 Bit        Muxes := 2     
	   7 Input      1 Bit        Muxes := 5     
---------------------------------------------------------------------------------
Finished RTL Hierarchical Component Statistics
---------------------------------------------------------------------------------
---------------------------------------------------------------------------------
Start Part Resource Summary
---------------------------------------------------------------------------------
Part Resources:
DSPs: 80 (col length:40)
BRAMs: 120 (col length: RAMB18 40 RAMB36 20)
---------------------------------------------------------------------------------
Finished Part Resource Summary
---------------------------------------------------------------------------------
---------------------------------------------------------------------------------
Start Cross Boundary and Area Optimization
---------------------------------------------------------------------------------
---------------------------------------------------------------------------------
Finished Cross Boundary and Area Optimization : Time (s): cpu = 00:00:12 ; elapsed = 00:00:13 . Memory (MB): peak = 1597.566 ; gain = 456.094 ; free physical = 8758 ; free virtual = 20612
---------------------------------------------------------------------------------

Report RTL Partitions: 
+-+--------------+------------+----------+
| |RTL Partition |Replication |Instances |
+-+--------------+------------+----------+
+-+--------------+------------+----------+
---------------------------------------------------------------------------------
Start Applying XDC Timing Constraints
---------------------------------------------------------------------------------
---------------------------------------------------------------------------------
Finished Applying XDC Timing Constraints : Time (s): cpu = 00:00:18 ; elapsed = 00:00:19 . Memory (MB): peak = 1597.566 ; gain = 456.094 ; free physical = 8366 ; free virtual = 20221
---------------------------------------------------------------------------------
---------------------------------------------------------------------------------
Start Timing Optimization
---------------------------------------------------------------------------------
---------------------------------------------------------------------------------
Finished Timing Optimization : Time (s): cpu = 00:00:18 ; elapsed = 00:00:19 . Memory (MB): peak = 1597.566 ; gain = 456.094 ; free physical = 8374 ; free virtual = 20228
---------------------------------------------------------------------------------

Report RTL Partitions: 
+-+--------------+------------+----------+
| |RTL Partition |Replication |Instances |
+-+--------------+------------+----------+
+-+--------------+------------+----------+
---------------------------------------------------------------------------------
Start Technology Mapping
---------------------------------------------------------------------------------
---------------------------------------------------------------------------------
Finished Technology Mapping : Time (s): cpu = 00:00:18 ; elapsed = 00:00:19 . Memory (MB): peak = 1605.574 ; gain = 464.102 ; free physical = 8392 ; free virtual = 20247
---------------------------------------------------------------------------------

Report RTL Partitions: 
+-+--------------+------------+----------+
| |RTL Partition |Replication |Instances |
+-+--------------+------------+----------+
+-+--------------+------------+----------+
---------------------------------------------------------------------------------
Start IO Insertion
---------------------------------------------------------------------------------
---------------------------------------------------------------------------------
Start Flattening Before IO Insertion
---------------------------------------------------------------------------------
---------------------------------------------------------------------------------
Finished Flattening Before IO Insertion
---------------------------------------------------------------------------------
---------------------------------------------------------------------------------
Start Final Netlist Cleanup
---------------------------------------------------------------------------------
---------------------------------------------------------------------------------
Finished Final Netlist Cleanup
---------------------------------------------------------------------------------
---------------------------------------------------------------------------------
Finished IO Insertion : Time (s): cpu = 00:00:19 ; elapsed = 00:00:20 . Memory (MB): peak = 1605.574 ; gain = 464.102 ; free physical = 8274 ; free virtual = 20129
---------------------------------------------------------------------------------

Report Check Netlist: 
+------+------------------+-------+---------+-------+------------------+
|      |Item              |Errors |Warnings |Status |Description       |
+------+------------------+-------+---------+-------+------------------+
|1     |multi_driven_nets |      0|        0|Passed |Multi driven nets |
+------+------------------+-------+---------+-------+------------------+
---------------------------------------------------------------------------------
Start Renaming Generated Instances
---------------------------------------------------------------------------------
---------------------------------------------------------------------------------
Finished Renaming Generated Instances : Time (s): cpu = 00:00:19 ; elapsed = 00:00:20 . Memory (MB): peak = 1605.574 ; gain = 464.102 ; free physical = 8275 ; free virtual = 20130
---------------------------------------------------------------------------------

Report RTL Partitions: 
+-+--------------+------------+----------+
| |RTL Partition |Replication |Instances |
+-+--------------+------------+----------+
+-+--------------+------------+----------+
---------------------------------------------------------------------------------
Start Rebuilding User Hierarchy
---------------------------------------------------------------------------------
---------------------------------------------------------------------------------
Finished Rebuilding User Hierarchy : Time (s): cpu = 00:00:19 ; elapsed = 00:00:20 . Memory (MB): peak = 1605.574 ; gain = 464.102 ; free physical = 8280 ; free virtual = 20135
---------------------------------------------------------------------------------
---------------------------------------------------------------------------------
Start Renaming Generated Ports
---------------------------------------------------------------------------------
---------------------------------------------------------------------------------
Finished Renaming Generated Ports : Time (s): cpu = 00:00:19 ; elapsed = 00:00:20 . Memory (MB): peak = 1605.574 ; gain = 464.102 ; free physical = 8282 ; free virtual = 20137
---------------------------------------------------------------------------------
---------------------------------------------------------------------------------
Start Handling Custom Attributes
---------------------------------------------------------------------------------
---------------------------------------------------------------------------------
Finished Handling Custom Attributes : Time (s): cpu = 00:00:19 ; elapsed = 00:00:20 . Memory (MB): peak = 1605.574 ; gain = 464.102 ; free physical = 8283 ; free virtual = 20138
---------------------------------------------------------------------------------
---------------------------------------------------------------------------------
Start Renaming Generated Nets
---------------------------------------------------------------------------------
---------------------------------------------------------------------------------
Finished Renaming Generated Nets : Time (s): cpu = 00:00:19 ; elapsed = 00:00:20 . Memory (MB): peak = 1605.574 ; gain = 464.102 ; free physical = 8285 ; free virtual = 20140
---------------------------------------------------------------------------------
---------------------------------------------------------------------------------
Start Writing Synthesis Report
---------------------------------------------------------------------------------

Report BlackBoxes: 
+-+--------------+----------+
| |BlackBox name |Instances |
+-+--------------+----------+
+-+--------------+----------+

Report Cell Usage: 
+------+-------+------+
|      |Cell   |Count |
+------+-------+------+
|1     |CARRY4 |     4|
|2     |LUT1   |    16|
|3     |LUT2   |     3|
|4     |LUT3   |     8|
|5     |LUT4   |    13|
|6     |LUT5   |    11|
|7     |LUT6   |     9|
|8     |FDRE   |    31|
+------+-------+------+

Report Instance Areas: 
+------+---------+----------+------+
|      |Instance |Module    |Cells |
+------+---------+----------+------+
|1     |top      |          |    95|
|2     |  U0     |wr_memory |    95|
+------+---------+----------+------+
---------------------------------------------------------------------------------
Finished Writing Synthesis Report : Time (s): cpu = 00:00:19 ; elapsed = 00:00:20 . Memory (MB): peak = 1605.574 ; gain = 464.102 ; free physical = 8288 ; free virtual = 20143
---------------------------------------------------------------------------------
Synthesis finished with 0 errors, 0 critical warnings and 4 warnings.
Synthesis Optimization Runtime : Time (s): cpu = 00:00:15 ; elapsed = 00:00:16 . Memory (MB): peak = 1605.574 ; gain = 119.504 ; free physical = 8322 ; free virtual = 20177
Synthesis Optimization Complete : Time (s): cpu = 00:00:19 ; elapsed = 00:00:20 . Memory (MB): peak = 1605.582 ; gain = 464.102 ; free physical = 8321 ; free virtual = 20176
INFO: [Project 1-571] Translating synthesized netlist
INFO: [Netlist 29-17] Analyzing 4 Unisim elements for replacement
INFO: [Netlist 29-28] Unisim Transformation completed in 0 CPU seconds
INFO: [Project 1-570] Preparing netlist for logic optimization
INFO: [Opt 31-138] Pushed 0 inverter(s) to 0 load pin(s).
INFO: [Project 1-111] Unisim Transformation Summary:
No Unisim elements were transformed.

21 Infos, 4 Warnings, 0 Critical Warnings and 0 Errors encountered.
synth_design completed successfully
synth_design: Time (s): cpu = 00:00:20 ; elapsed = 00:00:21 . Memory (MB): peak = 1605.582 ; gain = 476.695 ; free physical = 8353 ; free virtual = 20209
INFO: [Common 17-1381] The checkpoint '/home/ibai/vivado/ESDC/Lab2/version1_hw/version1_hw.runs/version1_hw_wr_memory_0_0_synth_1/version1_hw_wr_memory_0_0.dcp' has been generated.
