
*** Running vivado
    with args -log version1_sf_blk_mem_gen_0_0.vds -m64 -product Vivado -mode batch -messageDb vivado.pb -notrace -source version1_sf_blk_mem_gen_0_0.tcl


****** Vivado v2017.2 (64-bit)
  **** SW Build 1909853 on Thu Jun 15 18:39:10 MDT 2017
  **** IP Build 1909766 on Thu Jun 15 19:58:00 MDT 2017
    ** Copyright 1986-2017 Xilinx, Inc. All Rights Reserved.

source version1_sf_blk_mem_gen_0_0.tcl -notrace
Starting RTL Elaboration : Time (s): cpu = 00:00:04 ; elapsed = 00:00:04 . Memory (MB): peak = 1212.461 ; gain = 70.996 ; free physical = 9459 ; free virtual = 21490
INFO: [Synth 8-638] synthesizing module 'version1_sf_blk_mem_gen_0_0' [/home/ibai/vivado/ESDC/Lab2/version1_sf/version1_sf.srcs/sources_1/bd/version1_sf/ip/version1_sf_blk_mem_gen_0_0/synth/version1_sf_blk_mem_gen_0_0.vhd:71]
INFO: [Synth 8-256] done synthesizing module 'version1_sf_blk_mem_gen_0_0' (11#1) [/home/ibai/vivado/ESDC/Lab2/version1_sf/version1_sf.srcs/sources_1/bd/version1_sf/ip/version1_sf_blk_mem_gen_0_0/synth/version1_sf_blk_mem_gen_0_0.vhd:71]
Finished RTL Elaboration : Time (s): cpu = 00:00:51 ; elapsed = 00:00:53 . Memory (MB): peak = 1414.164 ; gain = 272.699 ; free physical = 8851 ; free virtual = 20886
Finished RTL Optimization Phase 1 : Time (s): cpu = 00:00:51 ; elapsed = 00:00:54 . Memory (MB): peak = 1414.164 ; gain = 272.699 ; free physical = 8855 ; free virtual = 20890
INFO: [Device 21-403] Loading part xc7z010clg400-1
Constraint Validation Runtime : Time (s): cpu = 00:00:00.02 ; elapsed = 00:00:00.02 . Memory (MB): peak = 1612.160 ; gain = 0.000 ; free physical = 9017 ; free virtual = 21052
Finished Constraint Validation : Time (s): cpu = 00:01:00 ; elapsed = 00:01:03 . Memory (MB): peak = 1612.160 ; gain = 470.695 ; free physical = 8901 ; free virtual = 20936
Finished Loading Part and Timing Information : Time (s): cpu = 00:01:00 ; elapsed = 00:01:03 . Memory (MB): peak = 1612.160 ; gain = 470.695 ; free physical = 8901 ; free virtual = 20936
Finished applying 'set_property' XDC Constraints : Time (s): cpu = 00:01:00 ; elapsed = 00:01:03 . Memory (MB): peak = 1612.160 ; gain = 470.695 ; free physical = 8899 ; free virtual = 20933
Finished RTL Optimization Phase 2 : Time (s): cpu = 00:01:00 ; elapsed = 00:01:03 . Memory (MB): peak = 1612.160 ; gain = 470.695 ; free physical = 8854 ; free virtual = 20889
Finished Cross Boundary and Area Optimization : Time (s): cpu = 00:01:01 ; elapsed = 00:01:04 . Memory (MB): peak = 1612.160 ; gain = 470.695 ; free physical = 8803 ; free virtual = 20838
Finished Applying XDC Timing Constraints : Time (s): cpu = 00:01:06 ; elapsed = 00:01:10 . Memory (MB): peak = 1612.160 ; gain = 470.695 ; free physical = 9694 ; free virtual = 21729
Finished Timing Optimization : Time (s): cpu = 00:01:06 ; elapsed = 00:01:10 . Memory (MB): peak = 1612.160 ; gain = 470.695 ; free physical = 9692 ; free virtual = 21727
Finished Technology Mapping : Time (s): cpu = 00:01:06 ; elapsed = 00:01:10 . Memory (MB): peak = 1613.168 ; gain = 471.703 ; free physical = 9690 ; free virtual = 21725
Finished IO Insertion : Time (s): cpu = 00:01:07 ; elapsed = 00:01:10 . Memory (MB): peak = 1613.168 ; gain = 471.703 ; free physical = 9700 ; free virtual = 21736
Finished Renaming Generated Instances : Time (s): cpu = 00:01:07 ; elapsed = 00:01:10 . Memory (MB): peak = 1613.168 ; gain = 471.703 ; free physical = 9700 ; free virtual = 21736
Finished Rebuilding User Hierarchy : Time (s): cpu = 00:01:07 ; elapsed = 00:01:10 . Memory (MB): peak = 1613.168 ; gain = 471.703 ; free physical = 9700 ; free virtual = 21736
Finished Renaming Generated Ports : Time (s): cpu = 00:01:07 ; elapsed = 00:01:10 . Memory (MB): peak = 1613.168 ; gain = 471.703 ; free physical = 9700 ; free virtual = 21736
Finished Handling Custom Attributes : Time (s): cpu = 00:01:07 ; elapsed = 00:01:10 . Memory (MB): peak = 1613.168 ; gain = 471.703 ; free physical = 9700 ; free virtual = 21736
Finished Renaming Generated Nets : Time (s): cpu = 00:01:07 ; elapsed = 00:01:10 . Memory (MB): peak = 1613.168 ; gain = 471.703 ; free physical = 9700 ; free virtual = 21736

Report Cell Usage: 
+------+-----------+------+
|      |Cell       |Count |
+------+-----------+------+
|1     |LUT1       |     1|
|2     |LUT2       |     2|
|3     |LUT3       |     3|
|4     |RAMB36E1   |     6|
|5     |RAMB36E1_1 |     6|
|6     |FDRE       |     2|
+------+-----------+------+
Finished Writing Synthesis Report : Time (s): cpu = 00:01:07 ; elapsed = 00:01:10 . Memory (MB): peak = 1613.168 ; gain = 471.703 ; free physical = 9700 ; free virtual = 21736
synth_design: Time (s): cpu = 00:01:09 ; elapsed = 00:01:12 . Memory (MB): peak = 1613.176 ; gain = 484.297 ; free physical = 9721 ; free virtual = 21757
