
*** Running vivado
    with args -log version1_sf_xbar_2.vds -m64 -product Vivado -mode batch -messageDb vivado.pb -notrace -source version1_sf_xbar_2.tcl


****** Vivado v2017.2 (64-bit)
  **** SW Build 1909853 on Thu Jun 15 18:39:10 MDT 2017
  **** IP Build 1909766 on Thu Jun 15 19:58:00 MDT 2017
    ** Copyright 1986-2017 Xilinx, Inc. All Rights Reserved.

source version1_sf_xbar_2.tcl -notrace
Starting RTL Elaboration : Time (s): cpu = 00:00:04 ; elapsed = 00:00:04 . Memory (MB): peak = 1227.293 ; gain = 78.996 ; free physical = 9107 ; free virtual = 21140
INFO: [Synth 8-638] synthesizing module 'version1_sf_xbar_2' [/home/ibai/vivado/ESDC/Lab2/version1_sf/version1_sf.srcs/sources_1/bd/version1_sf/ip/version1_sf_xbar_2/synth/version1_sf_xbar_2.v:59]
INFO: [Synth 8-638] synthesizing module 'axi_crossbar_v2_1_14_axi_crossbar' [/home/ibai/vivado/ESDC/Lab2/version1_sf/version1_sf.srcs/sources_1/bd/version1_sf/ipshared/f582/hdl/axi_crossbar_v2_1_vl_rfs.v:4882]
INFO: [Synth 8-638] synthesizing module 'axi_crossbar_v2_1_14_crossbar_sasd' [/home/ibai/vivado/ESDC/Lab2/version1_sf/version1_sf.srcs/sources_1/bd/version1_sf/ipshared/f582/hdl/axi_crossbar_v2_1_vl_rfs.v:1240]
INFO: [Synth 8-638] synthesizing module 'axi_crossbar_v2_1_14_addr_decoder' [/home/ibai/vivado/ESDC/Lab2/version1_sf/version1_sf.srcs/sources_1/bd/version1_sf/ipshared/f582/hdl/axi_crossbar_v2_1_vl_rfs.v:794]
INFO: [Synth 8-638] synthesizing module 'generic_baseblocks_v2_1_0_comparator_static' [/home/ibai/vivado/ESDC/Lab2/version1_sf/version1_sf.srcs/sources_1/bd/version1_sf/ipshared/f9c1/hdl/generic_baseblocks_v2_1_vl_rfs.v:2133]
INFO: [Synth 8-638] synthesizing module 'generic_baseblocks_v2_1_0_carry_and' [/home/ibai/vivado/ESDC/Lab2/version1_sf/version1_sf.srcs/sources_1/bd/version1_sf/ipshared/f9c1/hdl/generic_baseblocks_v2_1_vl_rfs.v:62]
INFO: [Synth 8-256] done synthesizing module 'generic_baseblocks_v2_1_0_carry_and' (1#1) [/home/ibai/vivado/ESDC/Lab2/version1_sf/version1_sf.srcs/sources_1/bd/version1_sf/ipshared/f9c1/hdl/generic_baseblocks_v2_1_vl_rfs.v:62]
INFO: [Synth 8-256] done synthesizing module 'generic_baseblocks_v2_1_0_comparator_static' (2#1) [/home/ibai/vivado/ESDC/Lab2/version1_sf/version1_sf.srcs/sources_1/bd/version1_sf/ipshared/f9c1/hdl/generic_baseblocks_v2_1_vl_rfs.v:2133]
INFO: [Synth 8-638] synthesizing module 'generic_baseblocks_v2_1_0_comparator_static__parameterized0' [/home/ibai/vivado/ESDC/Lab2/version1_sf/version1_sf.srcs/sources_1/bd/version1_sf/ipshared/f9c1/hdl/generic_baseblocks_v2_1_vl_rfs.v:2133]
INFO: [Synth 8-256] done synthesizing module 'generic_baseblocks_v2_1_0_comparator_static__parameterized0' (2#1) [/home/ibai/vivado/ESDC/Lab2/version1_sf/version1_sf.srcs/sources_1/bd/version1_sf/ipshared/f9c1/hdl/generic_baseblocks_v2_1_vl_rfs.v:2133]
INFO: [Synth 8-638] synthesizing module 'generic_baseblocks_v2_1_0_comparator_static__parameterized1' [/home/ibai/vivado/ESDC/Lab2/version1_sf/version1_sf.srcs/sources_1/bd/version1_sf/ipshared/f9c1/hdl/generic_baseblocks_v2_1_vl_rfs.v:2133]
INFO: [Synth 8-256] done synthesizing module 'generic_baseblocks_v2_1_0_comparator_static__parameterized1' (2#1) [/home/ibai/vivado/ESDC/Lab2/version1_sf/version1_sf.srcs/sources_1/bd/version1_sf/ipshared/f9c1/hdl/generic_baseblocks_v2_1_vl_rfs.v:2133]
INFO: [Synth 8-638] synthesizing module 'generic_baseblocks_v2_1_0_comparator_static__parameterized2' [/home/ibai/vivado/ESDC/Lab2/version1_sf/version1_sf.srcs/sources_1/bd/version1_sf/ipshared/f9c1/hdl/generic_baseblocks_v2_1_vl_rfs.v:2133]
INFO: [Synth 8-256] done synthesizing module 'generic_baseblocks_v2_1_0_comparator_static__parameterized2' (2#1) [/home/ibai/vivado/ESDC/Lab2/version1_sf/version1_sf.srcs/sources_1/bd/version1_sf/ipshared/f9c1/hdl/generic_baseblocks_v2_1_vl_rfs.v:2133]
INFO: [Synth 8-256] done synthesizing module 'axi_crossbar_v2_1_14_addr_decoder' (3#1) [/home/ibai/vivado/ESDC/Lab2/version1_sf/version1_sf.srcs/sources_1/bd/version1_sf/ipshared/f582/hdl/axi_crossbar_v2_1_vl_rfs.v:794]
INFO: [Synth 8-638] synthesizing module 'axi_crossbar_v2_1_14_decerr_slave' [/home/ibai/vivado/ESDC/Lab2/version1_sf/version1_sf.srcs/sources_1/bd/version1_sf/ipshared/f582/hdl/axi_crossbar_v2_1_vl_rfs.v:3500]
INFO: [Synth 8-256] done synthesizing module 'axi_crossbar_v2_1_14_decerr_slave' (4#1) [/home/ibai/vivado/ESDC/Lab2/version1_sf/version1_sf.srcs/sources_1/bd/version1_sf/ipshared/f582/hdl/axi_crossbar_v2_1_vl_rfs.v:3500]
INFO: [Synth 8-638] synthesizing module 'axi_crossbar_v2_1_14_addr_arbiter_sasd' [/home/ibai/vivado/ESDC/Lab2/version1_sf/version1_sf.srcs/sources_1/bd/version1_sf/ipshared/f582/hdl/axi_crossbar_v2_1_vl_rfs.v:65]
INFO: [Synth 8-256] done synthesizing module 'axi_crossbar_v2_1_14_addr_arbiter_sasd' (5#1) [/home/ibai/vivado/ESDC/Lab2/version1_sf/version1_sf.srcs/sources_1/bd/version1_sf/ipshared/f582/hdl/axi_crossbar_v2_1_vl_rfs.v:65]
INFO: [Synth 8-638] synthesizing module 'axi_crossbar_v2_1_14_splitter' [/home/ibai/vivado/ESDC/Lab2/version1_sf/version1_sf.srcs/sources_1/bd/version1_sf/ipshared/f582/hdl/axi_crossbar_v2_1_vl_rfs.v:4459]
INFO: [Synth 8-256] done synthesizing module 'axi_crossbar_v2_1_14_splitter' (6#1) [/home/ibai/vivado/ESDC/Lab2/version1_sf/version1_sf.srcs/sources_1/bd/version1_sf/ipshared/f582/hdl/axi_crossbar_v2_1_vl_rfs.v:4459]
INFO: [Synth 8-638] synthesizing module 'axi_crossbar_v2_1_14_splitter__parameterized0' [/home/ibai/vivado/ESDC/Lab2/version1_sf/version1_sf.srcs/sources_1/bd/version1_sf/ipshared/f582/hdl/axi_crossbar_v2_1_vl_rfs.v:4459]
INFO: [Synth 8-256] done synthesizing module 'axi_crossbar_v2_1_14_splitter__parameterized0' (6#1) [/home/ibai/vivado/ESDC/Lab2/version1_sf/version1_sf.srcs/sources_1/bd/version1_sf/ipshared/f582/hdl/axi_crossbar_v2_1_vl_rfs.v:4459]
INFO: [Synth 8-638] synthesizing module 'generic_baseblocks_v2_1_0_mux_enc' [/home/ibai/vivado/ESDC/Lab2/version1_sf/version1_sf.srcs/sources_1/bd/version1_sf/ipshared/f9c1/hdl/generic_baseblocks_v2_1_vl_rfs.v:2452]
INFO: [Synth 8-256] done synthesizing module 'generic_baseblocks_v2_1_0_mux_enc' (7#1) [/home/ibai/vivado/ESDC/Lab2/version1_sf/version1_sf.srcs/sources_1/bd/version1_sf/ipshared/f9c1/hdl/generic_baseblocks_v2_1_vl_rfs.v:2452]
INFO: [Synth 8-638] synthesizing module 'generic_baseblocks_v2_1_0_mux_enc__parameterized0' [/home/ibai/vivado/ESDC/Lab2/version1_sf/version1_sf.srcs/sources_1/bd/version1_sf/ipshared/f9c1/hdl/generic_baseblocks_v2_1_vl_rfs.v:2452]
INFO: [Synth 8-256] done synthesizing module 'generic_baseblocks_v2_1_0_mux_enc__parameterized0' (7#1) [/home/ibai/vivado/ESDC/Lab2/version1_sf/version1_sf.srcs/sources_1/bd/version1_sf/ipshared/f9c1/hdl/generic_baseblocks_v2_1_vl_rfs.v:2452]
INFO: [Synth 8-638] synthesizing module 'generic_baseblocks_v2_1_0_mux_enc__parameterized1' [/home/ibai/vivado/ESDC/Lab2/version1_sf/version1_sf.srcs/sources_1/bd/version1_sf/ipshared/f9c1/hdl/generic_baseblocks_v2_1_vl_rfs.v:2452]
INFO: [Synth 8-256] done synthesizing module 'generic_baseblocks_v2_1_0_mux_enc__parameterized1' (7#1) [/home/ibai/vivado/ESDC/Lab2/version1_sf/version1_sf.srcs/sources_1/bd/version1_sf/ipshared/f9c1/hdl/generic_baseblocks_v2_1_vl_rfs.v:2452]
INFO: [Synth 8-638] synthesizing module 'axi_register_slice_v2_1_13_axic_register_slice' [/home/ibai/vivado/ESDC/Lab2/version1_sf/version1_sf.srcs/sources_1/bd/version1_sf/ipshared/55c0/hdl/axi_register_slice_v2_1_vl_rfs.v:85]
INFO: [Synth 8-256] done synthesizing module 'axi_register_slice_v2_1_13_axic_register_slice' (8#1) [/home/ibai/vivado/ESDC/Lab2/version1_sf/version1_sf.srcs/sources_1/bd/version1_sf/ipshared/55c0/hdl/axi_register_slice_v2_1_vl_rfs.v:85]
INFO: [Synth 8-638] synthesizing module 'generic_baseblocks_v2_1_0_mux_enc__parameterized2' [/home/ibai/vivado/ESDC/Lab2/version1_sf/version1_sf.srcs/sources_1/bd/version1_sf/ipshared/f9c1/hdl/generic_baseblocks_v2_1_vl_rfs.v:2452]
INFO: [Synth 8-256] done synthesizing module 'generic_baseblocks_v2_1_0_mux_enc__parameterized2' (8#1) [/home/ibai/vivado/ESDC/Lab2/version1_sf/version1_sf.srcs/sources_1/bd/version1_sf/ipshared/f9c1/hdl/generic_baseblocks_v2_1_vl_rfs.v:2452]
INFO: [Synth 8-256] done synthesizing module 'axi_crossbar_v2_1_14_crossbar_sasd' (9#1) [/home/ibai/vivado/ESDC/Lab2/version1_sf/version1_sf.srcs/sources_1/bd/version1_sf/ipshared/f582/hdl/axi_crossbar_v2_1_vl_rfs.v:1240]
INFO: [Synth 8-256] done synthesizing module 'axi_crossbar_v2_1_14_axi_crossbar' (10#1) [/home/ibai/vivado/ESDC/Lab2/version1_sf/version1_sf.srcs/sources_1/bd/version1_sf/ipshared/f582/hdl/axi_crossbar_v2_1_vl_rfs.v:4882]
INFO: [Synth 8-256] done synthesizing module 'version1_sf_xbar_2' (11#1) [/home/ibai/vivado/ESDC/Lab2/version1_sf/version1_sf.srcs/sources_1/bd/version1_sf/ip/version1_sf_xbar_2/synth/version1_sf_xbar_2.v:59]
Finished RTL Elaboration : Time (s): cpu = 00:00:07 ; elapsed = 00:00:08 . Memory (MB): peak = 1347.793 ; gain = 199.496 ; free physical = 9078 ; free virtual = 21113
Finished RTL Optimization Phase 1 : Time (s): cpu = 00:00:08 ; elapsed = 00:00:08 . Memory (MB): peak = 1347.793 ; gain = 199.496 ; free physical = 9066 ; free virtual = 21100
INFO: [Device 21-403] Loading part xc7z010clg400-1
Constraint Validation Runtime : Time (s): cpu = 00:00:00.03 ; elapsed = 00:00:00.04 . Memory (MB): peak = 1633.789 ; gain = 0.000 ; free physical = 8636 ; free virtual = 20670
Finished Constraint Validation : Time (s): cpu = 00:00:16 ; elapsed = 00:00:17 . Memory (MB): peak = 1633.789 ; gain = 485.492 ; free physical = 8745 ; free virtual = 20780
Finished Loading Part and Timing Information : Time (s): cpu = 00:00:16 ; elapsed = 00:00:17 . Memory (MB): peak = 1633.789 ; gain = 485.492 ; free physical = 8745 ; free virtual = 20780
Finished applying 'set_property' XDC Constraints : Time (s): cpu = 00:00:16 ; elapsed = 00:00:17 . Memory (MB): peak = 1633.789 ; gain = 485.492 ; free physical = 8745 ; free virtual = 20780
Finished RTL Optimization Phase 2 : Time (s): cpu = 00:00:16 ; elapsed = 00:00:17 . Memory (MB): peak = 1633.789 ; gain = 485.492 ; free physical = 8733 ; free virtual = 20767
Finished Cross Boundary and Area Optimization : Time (s): cpu = 00:00:17 ; elapsed = 00:00:18 . Memory (MB): peak = 1633.789 ; gain = 485.492 ; free physical = 8680 ; free virtual = 20715
Finished Applying XDC Timing Constraints : Time (s): cpu = 00:00:23 ; elapsed = 00:00:24 . Memory (MB): peak = 1633.789 ; gain = 485.492 ; free physical = 8966 ; free virtual = 21000
Finished Timing Optimization : Time (s): cpu = 00:00:24 ; elapsed = 00:00:25 . Memory (MB): peak = 1633.789 ; gain = 485.492 ; free physical = 8904 ; free virtual = 20939
Finished Technology Mapping : Time (s): cpu = 00:00:24 ; elapsed = 00:00:25 . Memory (MB): peak = 1633.789 ; gain = 485.492 ; free physical = 8872 ; free virtual = 20906
Finished IO Insertion : Time (s): cpu = 00:00:24 ; elapsed = 00:00:25 . Memory (MB): peak = 1633.789 ; gain = 485.492 ; free physical = 8804 ; free virtual = 20839
Finished Renaming Generated Instances : Time (s): cpu = 00:00:24 ; elapsed = 00:00:25 . Memory (MB): peak = 1633.789 ; gain = 485.492 ; free physical = 8803 ; free virtual = 20838
Finished Rebuilding User Hierarchy : Time (s): cpu = 00:00:24 ; elapsed = 00:00:25 . Memory (MB): peak = 1633.789 ; gain = 485.492 ; free physical = 8801 ; free virtual = 20836
Finished Renaming Generated Ports : Time (s): cpu = 00:00:24 ; elapsed = 00:00:25 . Memory (MB): peak = 1633.789 ; gain = 485.492 ; free physical = 8800 ; free virtual = 20835
Finished Handling Custom Attributes : Time (s): cpu = 00:00:24 ; elapsed = 00:00:25 . Memory (MB): peak = 1633.789 ; gain = 485.492 ; free physical = 8798 ; free virtual = 20833
Finished Renaming Generated Nets : Time (s): cpu = 00:00:24 ; elapsed = 00:00:25 . Memory (MB): peak = 1633.789 ; gain = 485.492 ; free physical = 8797 ; free virtual = 20833

Report Cell Usage: 
+------+-----+------+
|      |Cell |Count |
+------+-----+------+
|1     |LUT1 |     2|
|2     |LUT2 |    11|
|3     |LUT3 |    45|
|4     |LUT4 |    53|
|5     |LUT5 |    60|
|6     |LUT6 |    56|
|7     |FDRE |   133|
+------+-----+------+
Finished Writing Synthesis Report : Time (s): cpu = 00:00:24 ; elapsed = 00:00:25 . Memory (MB): peak = 1633.789 ; gain = 485.492 ; free physical = 8797 ; free virtual = 20832
synth_design: Time (s): cpu = 00:00:25 ; elapsed = 00:00:26 . Memory (MB): peak = 1633.797 ; gain = 498.086 ; free physical = 9413 ; free virtual = 21447
