10:23:18 INFO  : Registering command handlers for SDK TCF services
10:23:20 INFO  : Launching XSCT server: xsct -n -interactive /home/ibai/vivado/ESDC/Lab2/version1_sf/version1_sf.sdk/temp_xsdb_launch_script.tcl
10:23:21 INFO  : XSCT server has started successfully.
10:23:21 INFO  : Successfully done setting XSCT server connection channel  
10:23:22 INFO  : Successfully done setting SDK workspace  
10:23:22 INFO  : Processing command line option -hwspec /home/ibai/vivado/ESDC/Lab2/version1_sf/version1_sf.sdk/version1_sf_wrapper.hdf.
10:26:43 INFO  : Connected to target on host '127.0.0.1' and port '3121'.
10:26:43 INFO  : 'targets -set -filter {jtag_cable_name =~ "Digilent Zybo 210279A431D3A" && level==0} -index 1' command is executed.
10:26:45 INFO  : FPGA configured successfully with bitstream "/home/ibai/vivado/ESDC/Lab2/version1_sf/version1_sf.sdk/version1_sf_wrapper_hw_platform_0/version1_sf_wrapper.bit"
10:27:16 INFO  : ps7_init is completed.
10:27:16 INFO  : ps7_post_config is completed.
10:27:16 INFO  : Processor reset is completed for ps7_cortexa9_0
10:27:16 ERROR : Unexpected error while opening JTAG UART: 
java.lang.RuntimeException: Error while opening JTAG UART server: MDM Uart NOT Present in the System
Could not detect MDM peripheral on hardware. Please check:
    1. If FPGA is configured correctly
    2. MDM Core is instantiated in the design
    3. If the correct FPGA is referred, in case of multiple FPGAs
    4. If the correct MDM is referred, in case of a multiple MDM system
    

	at com.xilinx.sdk.targetmanager.internal.TM.startJTAGUARTServer(TM.java:951)
	at com.xilinx.sdk.debug.core.internal.comm.JTAGUARTStreamsProxy.<init>(JTAGUARTStreamsProxy.java:32)
	at com.xilinx.sdk.debug.core.internal.RemoteProcess.createStreamsProxy(RemoteProcess.java:164)
	at com.xilinx.sdk.debug.core.internal.RemoteProcess.<init>(RemoteProcess.java:65)
	at com.xilinx.sdk.debug.core.internal.AppRunner.run(AppRunner.java:91)
	at com.xilinx.sdk.debug.core.XilinxAppLaunchConfigurationDelegate.runApplication(XilinxAppLaunchConfigurationDelegate.java:637)
	at com.xilinx.sdk.debug.core.XilinxAppLaunchConfigurationDelegate.launch(XilinxAppLaunchConfigurationDelegate.java:309)
	at com.xilinx.sdk.debug.ui.XilinxAppLaunchDelegateWrapper.launch(XilinxAppLaunchDelegateWrapper.java:31)
	at org.eclipse.debug.internal.core.LaunchConfiguration.launch(LaunchConfiguration.java:885)
	at org.eclipse.debug.internal.core.LaunchConfiguration.launch(LaunchConfiguration.java:739)
	at org.eclipse.debug.internal.ui.DebugUIPlugin.buildAndLaunch(DebugUIPlugin.java:1039)
	at org.eclipse.debug.internal.ui.DebugUIPlugin$8.run(DebugUIPlugin.java:1256)
	at org.eclipse.core.internal.jobs.Worker.run(Worker.java:55)
10:29:22 INFO  : Connected to target on host '127.0.0.1' and port '3121'.
10:29:22 INFO  : 'targets -set -filter {jtag_cable_name =~ "Digilent Zybo 210279A431D3A" && level==0} -index 1' command is executed.
10:29:23 INFO  : FPGA configured successfully with bitstream "/home/ibai/vivado/ESDC/Lab2/version1_sf/version1_sf.sdk/version1_sf_wrapper_hw_platform_0/version1_sf_wrapper.bit"
10:29:34 INFO  : ps7_init is completed.
10:29:34 INFO  : ps7_post_config is completed.
10:29:34 INFO  : Processor reset is completed for ps7_cortexa9_0
10:29:34 ERROR : Unexpected error while opening JTAG UART: 
java.lang.RuntimeException: Error while opening JTAG UART server: MDM Uart NOT Present in the System
Could not detect MDM peripheral on hardware. Please check:
    1. If FPGA is configured correctly
    2. MDM Core is instantiated in the design
    3. If the correct FPGA is referred, in case of multiple FPGAs
    4. If the correct MDM is referred, in case of a multiple MDM system
    

	at com.xilinx.sdk.targetmanager.internal.TM.startJTAGUARTServer(TM.java:951)
	at com.xilinx.sdk.debug.core.internal.comm.JTAGUARTStreamsProxy.<init>(JTAGUARTStreamsProxy.java:32)
	at com.xilinx.sdk.debug.core.internal.RemoteProcess.createStreamsProxy(RemoteProcess.java:164)
	at com.xilinx.sdk.debug.core.internal.RemoteProcess.<init>(RemoteProcess.java:65)
	at com.xilinx.sdk.debug.core.internal.AppRunner.run(AppRunner.java:91)
	at com.xilinx.sdk.debug.core.XilinxAppLaunchConfigurationDelegate.runApplication(XilinxAppLaunchConfigurationDelegate.java:637)
	at com.xilinx.sdk.debug.core.XilinxAppLaunchConfigurationDelegate.launch(XilinxAppLaunchConfigurationDelegate.java:309)
	at com.xilinx.sdk.debug.ui.XilinxAppLaunchDelegateWrapper.launch(XilinxAppLaunchDelegateWrapper.java:31)
	at org.eclipse.debug.internal.core.LaunchConfiguration.launch(LaunchConfiguration.java:885)
	at org.eclipse.debug.internal.core.LaunchConfiguration.launch(LaunchConfiguration.java:739)
	at org.eclipse.debug.internal.ui.DebugUIPlugin.buildAndLaunch(DebugUIPlugin.java:1039)
	at org.eclipse.debug.internal.ui.DebugUIPlugin$8.run(DebugUIPlugin.java:1256)
	at org.eclipse.core.internal.jobs.Worker.run(Worker.java:55)
10:32:29 INFO  : Connected to target on host '127.0.0.1' and port '3121'.
10:32:29 INFO  : 'targets -set -filter {jtag_cable_name =~ "Digilent Zybo 210279A431D3A" && level==0} -index 1' command is executed.
10:32:30 INFO  : FPGA configured successfully with bitstream "/home/ibai/vivado/ESDC/Lab1/mixed_approach/mixed_approach.sdk/lab1_sf_wrapper_hw_platform_2/lab1_sf_wrapper.bit"
10:33:09 ERROR : Unexpected error while launching program.
java.lang.RuntimeException: Error in Resetting Target

    Could not stop the processor after reset


	at com.xilinx.sdk.targetmanager.internal.TM.doProcessorReset(TM.java:1011)
	at com.xilinx.sdk.debug.core.XilinxAppLaunchConfigurationDelegate.runTargetSetup(XilinxAppLaunchConfigurationDelegate.java:534)
	at com.xilinx.sdk.debug.core.XilinxAppLaunchConfigurationDelegate.runApplication(XilinxAppLaunchConfigurationDelegate.java:616)
	at com.xilinx.sdk.debug.core.XilinxAppLaunchConfigurationDelegate.launch(XilinxAppLaunchConfigurationDelegate.java:309)
	at com.xilinx.sdk.debug.ui.XilinxAppLaunchDelegateWrapper.launch(XilinxAppLaunchDelegateWrapper.java:31)
	at org.eclipse.debug.internal.core.LaunchConfiguration.launch(LaunchConfiguration.java:885)
	at org.eclipse.debug.internal.core.LaunchConfiguration.launch(LaunchConfiguration.java:739)
	at org.eclipse.debug.internal.ui.DebugUIPlugin.buildAndLaunch(DebugUIPlugin.java:1039)
	at org.eclipse.debug.internal.ui.DebugUIPlugin$8.run(DebugUIPlugin.java:1256)
	at org.eclipse.core.internal.jobs.Worker.run(Worker.java:55)
10:33:54 ERROR : Unexpected error while parsing XMD response ￿: com.google.gson.JsonSyntaxException: com.google.gson.stream.MalformedJsonException: invalid number or unquoted string near 
10:33:59 INFO  : Registering command handlers for SDK TCF services
10:33:59 INFO  : Launching XSCT server: xsct -n -interactive /home/ibai/vivado/ESDC/Lab2/version1_sf/version1_sf.sdk/temp_xsdb_launch_script.tcl
10:34:00 INFO  : XSCT server has started successfully.
10:34:00 INFO  : Successfully done setting XSCT server connection channel  
10:34:01 INFO  : Successfully done setting SDK workspace  
10:34:01 INFO  : Processing command line option -hwspec /home/ibai/vivado/ESDC/Lab2/version1_sf/version1_sf.sdk/version1_sf_wrapper.hdf.
10:34:01 INFO  : Checking for hwspec changes in the project version1_sf_wrapper_hw_platform_0.
10:35:03 INFO  : Registering command handlers for SDK TCF services
10:35:03 INFO  : Launching XSCT server: xsct -n -interactive /home/ibai/vivado/ESDC/Lab2/version1_sf/version1_sf.sdk/temp_xsdb_launch_script.tcl
10:35:04 INFO  : XSCT server has started successfully.
10:35:05 INFO  : Successfully done setting XSCT server connection channel  
10:35:05 INFO  : Successfully done setting SDK workspace  
10:35:05 INFO  : Processing command line option -hwspec /home/ibai/vivado/ESDC/Lab2/version1_sf/version1_sf.sdk/version1_sf_wrapper.hdf.
10:35:05 INFO  : Checking for hwspec changes in the project version1_sf_wrapper_hw_platform_0.
10:35:57 INFO  : Connected to target on host '127.0.0.1' and port '3121'.
10:35:57 INFO  : 'targets -set -filter {jtag_cable_name =~ "Digilent Zybo 210279A431D3A" && level==0} -index 1' command is executed.
10:35:58 INFO  : FPGA configured successfully with bitstream "/home/ibai/vivado/ESDC/Lab2/version1_sf/version1_sf.sdk/version1_sf_wrapper_hw_platform_0/version1_sf_wrapper.bit"
10:36:10 INFO  : ps7_init is completed.
10:36:10 INFO  : ps7_post_config is completed.
10:36:10 INFO  : Processor reset is completed for ps7_cortexa9_0
10:36:10 ERROR : Unexpected error while opening JTAG UART: 
java.lang.RuntimeException: Error while opening JTAG UART server: MDM Uart NOT Present in the System
Could not detect MDM peripheral on hardware. Please check:
    1. If FPGA is configured correctly
    2. MDM Core is instantiated in the design
    3. If the correct FPGA is referred, in case of multiple FPGAs
    4. If the correct MDM is referred, in case of a multiple MDM system
    

	at com.xilinx.sdk.targetmanager.internal.TM.startJTAGUARTServer(TM.java:951)
	at com.xilinx.sdk.debug.core.internal.comm.JTAGUARTStreamsProxy.<init>(JTAGUARTStreamsProxy.java:32)
	at com.xilinx.sdk.debug.core.internal.RemoteProcess.createStreamsProxy(RemoteProcess.java:164)
	at com.xilinx.sdk.debug.core.internal.RemoteProcess.<init>(RemoteProcess.java:65)
	at com.xilinx.sdk.debug.core.internal.AppRunner.run(AppRunner.java:91)
	at com.xilinx.sdk.debug.core.XilinxAppLaunchConfigurationDelegate.runApplication(XilinxAppLaunchConfigurationDelegate.java:637)
	at com.xilinx.sdk.debug.core.XilinxAppLaunchConfigurationDelegate.launch(XilinxAppLaunchConfigurationDelegate.java:309)
	at com.xilinx.sdk.debug.ui.XilinxAppLaunchDelegateWrapper.launch(XilinxAppLaunchDelegateWrapper.java:31)
	at org.eclipse.debug.internal.core.LaunchConfiguration.launch(LaunchConfiguration.java:885)
	at org.eclipse.debug.internal.core.LaunchConfiguration.launch(LaunchConfiguration.java:739)
	at org.eclipse.debug.internal.ui.DebugUIPlugin.buildAndLaunch(DebugUIPlugin.java:1039)
	at org.eclipse.debug.internal.ui.DebugUIPlugin$8.run(DebugUIPlugin.java:1256)
	at org.eclipse.core.internal.jobs.Worker.run(Worker.java:55)
10:37:54 ERROR : The Hardware Project referenced by this BSP (lab1_mixed_approach_bsp) was not found in this workspace. As a result, this BSP will not build properly. To fix this error, please import the associated hardware project or recreate a new BSP targeting an existing hardware platform.
10:38:31 INFO  : Connected to target on host '127.0.0.1' and port '3121'.
10:38:31 INFO  : 'targets -set -filter {jtag_cable_name =~ "Digilent Zybo 210279A431D3A" && level==0} -index 1' command is executed.
10:38:32 INFO  : FPGA configured successfully with bitstream "/home/ibai/vivado/ESDC/Lab1/mixed_approach/mixed_approach.sdk/lab1_sf_wrapper_hw_platform_2/lab1_sf_wrapper.bit"
10:38:59 INFO  : Processor reset is completed for ps7_cortexa9_0
10:38:59 ERROR : Unexpected error while opening JTAG UART: 
java.lang.RuntimeException: Error while opening JTAG UART server: MDM Uart NOT Present in the System
Could not detect MDM peripheral on hardware. Please check:
    1. If FPGA is configured correctly
    2. MDM Core is instantiated in the design
    3. If the correct FPGA is referred, in case of multiple FPGAs
    4. If the correct MDM is referred, in case of a multiple MDM system
    

	at com.xilinx.sdk.targetmanager.internal.TM.startJTAGUARTServer(TM.java:951)
	at com.xilinx.sdk.debug.core.internal.comm.JTAGUARTStreamsProxy.<init>(JTAGUARTStreamsProxy.java:32)
	at com.xilinx.sdk.debug.core.internal.RemoteProcess.createStreamsProxy(RemoteProcess.java:164)
	at com.xilinx.sdk.debug.core.internal.RemoteProcess.<init>(RemoteProcess.java:65)
	at com.xilinx.sdk.debug.core.internal.AppRunner.run(AppRunner.java:91)
	at com.xilinx.sdk.debug.core.XilinxAppLaunchConfigurationDelegate.runApplication(XilinxAppLaunchConfigurationDelegate.java:637)
	at com.xilinx.sdk.debug.core.XilinxAppLaunchConfigurationDelegate.launch(XilinxAppLaunchConfigurationDelegate.java:309)
	at com.xilinx.sdk.debug.ui.XilinxAppLaunchDelegateWrapper.launch(XilinxAppLaunchDelegateWrapper.java:31)
	at org.eclipse.debug.internal.core.LaunchConfiguration.launch(LaunchConfiguration.java:885)
	at org.eclipse.debug.internal.core.LaunchConfiguration.launch(LaunchConfiguration.java:739)
	at org.eclipse.debug.internal.ui.DebugUIPlugin.buildAndLaunch(DebugUIPlugin.java:1039)
	at org.eclipse.debug.internal.ui.DebugUIPlugin$8.run(DebugUIPlugin.java:1256)
	at org.eclipse.core.internal.jobs.Worker.run(Worker.java:55)
10:39:49 INFO  : Connected to target on host '127.0.0.1' and port '3121'.
10:39:49 INFO  : 'targets -set -filter {jtag_cable_name =~ "Digilent Zybo 210279A431D3A" && level==0} -index 1' command is executed.
10:39:50 INFO  : FPGA configured successfully with bitstream "/home/ibai/vivado/ESDC/Lab2/version1_sf/version1_sf.sdk/version1_sf_wrapper_hw_platform_0/version1_sf_wrapper.bit"
10:39:59 INFO  : Processor reset is completed for ps7_cortexa9_0
10:39:59 ERROR : Unexpected error while opening JTAG UART: 
java.lang.RuntimeException: Error while opening JTAG UART server: MDM Uart NOT Present in the System
Could not detect MDM peripheral on hardware. Please check:
    1. If FPGA is configured correctly
    2. MDM Core is instantiated in the design
    3. If the correct FPGA is referred, in case of multiple FPGAs
    4. If the correct MDM is referred, in case of a multiple MDM system
    

	at com.xilinx.sdk.targetmanager.internal.TM.startJTAGUARTServer(TM.java:951)
	at com.xilinx.sdk.debug.core.internal.comm.JTAGUARTStreamsProxy.<init>(JTAGUARTStreamsProxy.java:32)
	at com.xilinx.sdk.debug.core.internal.RemoteProcess.createStreamsProxy(RemoteProcess.java:164)
	at com.xilinx.sdk.debug.core.internal.RemoteProcess.<init>(RemoteProcess.java:65)
	at com.xilinx.sdk.debug.core.internal.AppRunner.run(AppRunner.java:91)
	at com.xilinx.sdk.debug.core.XilinxAppLaunchConfigurationDelegate.runApplication(XilinxAppLaunchConfigurationDelegate.java:637)
	at com.xilinx.sdk.debug.core.XilinxAppLaunchConfigurationDelegate.launch(XilinxAppLaunchConfigurationDelegate.java:309)
	at com.xilinx.sdk.debug.ui.XilinxAppLaunchDelegateWrapper.launch(XilinxAppLaunchDelegateWrapper.java:31)
	at org.eclipse.debug.internal.core.LaunchConfiguration.launch(LaunchConfiguration.java:885)
	at org.eclipse.debug.internal.core.LaunchConfiguration.launch(LaunchConfiguration.java:739)
	at org.eclipse.debug.internal.ui.DebugUIPlugin.buildAndLaunch(DebugUIPlugin.java:1039)
	at org.eclipse.debug.internal.ui.DebugUIPlugin$8.run(DebugUIPlugin.java:1256)
	at org.eclipse.core.internal.jobs.Worker.run(Worker.java:55)
10:40:47 INFO  : ps7_cortexa9_0 Processor is in use. Please stop existing Run or Debug sessions before launching.
10:40:49 INFO  : Processor reset is completed for ps7_cortexa9_0
10:43:18 ERROR : Unexpected error while parsing XMD response ￿: com.google.gson.JsonSyntaxException: com.google.gson.stream.MalformedJsonException: invalid number or unquoted string near 
10:54:36 INFO  : Registering command handlers for SDK TCF services
10:54:36 INFO  : Launching XSCT server: xsct -n -interactive /home/ibai/vivado/ESDC/Lab2/version2_sf/version2_sf.sdk/temp_xsdb_launch_script.tcl
10:54:37 INFO  : XSCT server has started successfully.
10:54:38 INFO  : Successfully done setting XSCT server connection channel  
10:54:38 INFO  : Successfully done setting SDK workspace  
10:54:38 INFO  : Processing command line option -hwspec /home/ibai/vivado/ESDC/Lab2/version2_sf/version2_sf.sdk/version1_sf_wrapper.hdf.
10:57:58 INFO  : Connected to target on host '127.0.0.1' and port '3121'.
10:57:58 INFO  : 'targets -set -filter {jtag_cable_name =~ "Digilent Zybo 210279A431D3A" && level==0} -index 1' command is executed.
10:58:00 ERROR : 'fpga -file /home/ibai/vivado/ESDC/Lab2/version2_sf/version2_sf.sdk/version1_sf_wrapper_hw_platform_1/version1_sf_wrapper.bit' is cancelled.
10:58:00 INFO  : Issued abort command to xsdb.
10:59:00 INFO  : Registering command handlers for SDK TCF services
10:59:00 INFO  : Launching XSCT server: xsct -n -interactive /home/ibai/vivado/ESDC/Lab2/version2_sf/version2_sf.sdk/temp_xsdb_launch_script.tcl
10:59:01 INFO  : XSCT server has started successfully.
10:59:01 INFO  : Successfully done setting XSCT server connection channel  
10:59:01 INFO  : Successfully done setting SDK workspace  
10:59:01 INFO  : Processing command line option -hwspec /home/ibai/vivado/ESDC/Lab2/version2_sf/version2_sf.sdk/version1_sf_wrapper.hdf.
10:59:01 INFO  : Checking for hwspec changes in the project version1_sf_wrapper_hw_platform_1.
10:59:33 INFO  : Registering command handlers for SDK TCF services
10:59:34 INFO  : Launching XSCT server: xsct -n -interactive /home/ibai/vivado/ESDC/Lab2/version2_sf/version2_sf.sdk/temp_xsdb_launch_script.tcl
10:59:35 INFO  : XSCT server has started successfully.
10:59:35 INFO  : Successfully done setting XSCT server connection channel  
10:59:35 INFO  : Successfully done setting SDK workspace  
10:59:35 INFO  : Processing command line option -hwspec /home/ibai/vivado/ESDC/Lab2/version2_sf/version2_sf.sdk/version1_sf_wrapper.hdf.
10:59:35 INFO  : Checking for hwspec changes in the project version1_sf_wrapper_hw_platform_1.
10:59:55 INFO  : Connected to target on host '127.0.0.1' and port '3121'.
10:59:56 INFO  : 'targets -set -filter {jtag_cable_name =~ "Digilent Zybo 210279A431D3A" && level==0} -index 1' command is executed.
10:59:57 INFO  : FPGA configured successfully with bitstream "/home/ibai/vivado/ESDC/Lab2/version2_sf/version2_sf.sdk/version1_sf_wrapper_hw_platform_1/version1_sf_wrapper.bit"
11:00:22 ERROR : Unexpected error while launching program.
java.lang.RuntimeException: Error in Resetting Target

    Could not stop the processor after reset


	at com.xilinx.sdk.targetmanager.internal.TM.doProcessorReset(TM.java:1011)
	at com.xilinx.sdk.debug.core.XilinxAppLaunchConfigurationDelegate.runTargetSetup(XilinxAppLaunchConfigurationDelegate.java:534)
	at com.xilinx.sdk.debug.core.XilinxAppLaunchConfigurationDelegate.runApplication(XilinxAppLaunchConfigurationDelegate.java:616)
	at com.xilinx.sdk.debug.core.XilinxAppLaunchConfigurationDelegate.launch(XilinxAppLaunchConfigurationDelegate.java:309)
	at com.xilinx.sdk.debug.ui.XilinxAppLaunchDelegateWrapper.launch(XilinxAppLaunchDelegateWrapper.java:31)
	at org.eclipse.debug.internal.core.LaunchConfiguration.launch(LaunchConfiguration.java:885)
	at org.eclipse.debug.internal.core.LaunchConfiguration.launch(LaunchConfiguration.java:739)
	at org.eclipse.debug.internal.ui.DebugUIPlugin.buildAndLaunch(DebugUIPlugin.java:1039)
	at org.eclipse.debug.internal.ui.DebugUIPlugin$8.run(DebugUIPlugin.java:1256)
	at org.eclipse.core.internal.jobs.Worker.run(Worker.java:55)
11:00:41 INFO  : Connected to target on host '127.0.0.1' and port '3121'.
11:00:41 INFO  : 'targets -set -filter {jtag_cable_name =~ "Digilent Zybo 210279A431D3A" && level==0} -index 1' command is executed.
11:00:43 INFO  : FPGA configured successfully with bitstream "/home/ibai/vivado/ESDC/Lab2/version2_sf/version2_sf.sdk/version1_sf_wrapper_hw_platform_1/version1_sf_wrapper.bit"
11:00:49 INFO  : ps7_init is completed.
11:00:49 INFO  : ps7_post_config is completed.
11:00:49 INFO  : Processor reset is completed for ps7_cortexa9_0
11:10:06 INFO  : SDK has detected change in the last modified timestamps for source hardware specification file Source:1556183348000,  Project:1556182406000
11:10:06 INFO  : Project version1_sf_wrapper_hw_platform_1's source hardware specification located at /home/ibai/vivado/ESDC/Lab2/version2_sf/version2_sf.sdk/version1_sf_wrapper.hdf is now different from the local copy.
		 The local copy will be replaced with the source specification and your workspace will be updated.
11:10:19 INFO  : Copied contents of /home/ibai/vivado/ESDC/Lab2/version2_sf/version2_sf.sdk/version1_sf_wrapper.hdf into /version1_sf_wrapper_hw_platform_1/system.hdf.
11:10:22 INFO  : Synchronizing projects in the workspace with the hardware platform specification changes.
11:10:23 INFO  : 
11:10:23 INFO  : Updating hardware inferred compiler options for version2_sf.
11:10:23 INFO  : Clearing existing target manager status.
11:10:23 INFO  : Workspace synchronized with the new hardware specification file. Cleaning dependent projects...
11:10:24 WARN  : Linker script will not be updated automatically. Users need to update it manually.
11:10:38 ERROR : Unexpected error while parsing XMD response ￿: com.google.gson.JsonSyntaxException: com.google.gson.stream.MalformedJsonException: invalid number or unquoted string near 
11:10:54 INFO  : Registering command handlers for SDK TCF services
11:10:54 INFO  : Launching XSCT server: xsct -n -interactive /home/ibai/vivado/ESDC/Lab2/version2_sf/version2_sf.sdk/temp_xsdb_launch_script.tcl
11:10:55 INFO  : XSCT server has started successfully.
11:10:55 INFO  : Successfully done setting XSCT server connection channel  
11:10:55 INFO  : Successfully done setting SDK workspace  
11:10:55 INFO  : Processing command line option -hwspec /home/ibai/vivado/ESDC/Lab2/version2_sf/version2_sf.sdk/version1_sf_wrapper.hdf.
11:10:56 INFO  : Checking for hwspec changes in the project version1_sf_wrapper_hw_platform_1.
11:11:11 INFO  : Connected to target on host '127.0.0.1' and port '3121'.
11:11:12 INFO  : 'targets -set -filter {jtag_cable_name =~ "Digilent Zybo 210279A431D3A" && level==0} -index 1' command is executed.
11:11:13 INFO  : FPGA configured successfully with bitstream "/home/ibai/vivado/ESDC/Lab2/version2_sf/version2_sf.sdk/version1_sf_wrapper_hw_platform_1/version1_sf_wrapper.bit"
11:11:32 ERROR : Unexpected error while launching program.
java.lang.RuntimeException: Error in Resetting Target

    Could not stop the processor after reset


	at com.xilinx.sdk.targetmanager.internal.TM.doProcessorReset(TM.java:1011)
	at com.xilinx.sdk.debug.core.XilinxAppLaunchConfigurationDelegate.runTargetSetup(XilinxAppLaunchConfigurationDelegate.java:534)
	at com.xilinx.sdk.debug.core.XilinxAppLaunchConfigurationDelegate.runApplication(XilinxAppLaunchConfigurationDelegate.java:616)
	at com.xilinx.sdk.debug.core.XilinxAppLaunchConfigurationDelegate.launch(XilinxAppLaunchConfigurationDelegate.java:309)
	at com.xilinx.sdk.debug.ui.XilinxAppLaunchDelegateWrapper.launch(XilinxAppLaunchDelegateWrapper.java:31)
	at org.eclipse.debug.internal.core.LaunchConfiguration.launch(LaunchConfiguration.java:885)
	at org.eclipse.debug.internal.core.LaunchConfiguration.launch(LaunchConfiguration.java:739)
	at org.eclipse.debug.internal.ui.DebugUIPlugin.buildAndLaunch(DebugUIPlugin.java:1039)
	at org.eclipse.debug.internal.ui.DebugUIPlugin$8.run(DebugUIPlugin.java:1256)
	at org.eclipse.core.internal.jobs.Worker.run(Worker.java:55)
11:11:51 INFO  : Connected to target on host '127.0.0.1' and port '3121'.
11:11:51 INFO  : 'targets -set -filter {jtag_cable_name =~ "Digilent Zybo 210279A431D3A" && level==0} -index 1' command is executed.
11:11:52 INFO  : FPGA configured successfully with bitstream "/home/ibai/vivado/ESDC/Lab2/version2_sf/version2_sf.sdk/version1_sf_wrapper_hw_platform_1/version1_sf_wrapper.bit"
11:11:58 INFO  : ps7_init is completed.
11:11:58 INFO  : ps7_post_config is completed.
11:11:58 INFO  : Processor reset is completed for ps7_cortexa9_0
11:12:53 INFO  : ps7_cortexa9_0 Processor is in use. Please stop existing Run or Debug sessions before launching.
11:12:55 INFO  : Processor reset is completed for ps7_cortexa9_0
11:12:55 ERROR : Unexpected error while opening JTAG UART: 
java.lang.RuntimeException: Error while opening JTAG UART server: MDM Uart NOT Present in the System
Could not detect MDM peripheral on hardware. Please check:
    1. If FPGA is configured correctly
    2. MDM Core is instantiated in the design
    3. If the correct FPGA is referred, in case of multiple FPGAs
    4. If the correct MDM is referred, in case of a multiple MDM system
    

	at com.xilinx.sdk.targetmanager.internal.TM.startJTAGUARTServer(TM.java:951)
	at com.xilinx.sdk.debug.core.internal.comm.JTAGUARTStreamsProxy.<init>(JTAGUARTStreamsProxy.java:32)
	at com.xilinx.sdk.debug.core.internal.RemoteProcess.createStreamsProxy(RemoteProcess.java:164)
	at com.xilinx.sdk.debug.core.internal.RemoteProcess.<init>(RemoteProcess.java:65)
	at com.xilinx.sdk.debug.core.internal.AppRunner.run(AppRunner.java:91)
	at com.xilinx.sdk.debug.core.XilinxAppLaunchConfigurationDelegate.runApplication(XilinxAppLaunchConfigurationDelegate.java:637)
	at com.xilinx.sdk.debug.core.XilinxAppLaunchConfigurationDelegate.launch(XilinxAppLaunchConfigurationDelegate.java:309)
	at com.xilinx.sdk.debug.ui.XilinxAppLaunchDelegateWrapper.launch(XilinxAppLaunchDelegateWrapper.java:31)
	at org.eclipse.debug.internal.core.LaunchConfiguration.launch(LaunchConfiguration.java:885)
	at org.eclipse.debug.internal.core.LaunchConfiguration.launch(LaunchConfiguration.java:739)
	at org.eclipse.debug.internal.ui.DebugUIPlugin.buildAndLaunch(DebugUIPlugin.java:1039)
	at org.eclipse.debug.internal.ui.DebugUIPlugin$8.run(DebugUIPlugin.java:1256)
	at org.eclipse.core.internal.jobs.Worker.run(Worker.java:55)
11:20:52 ERROR : Unexpected error while parsing XMD response ￿: com.google.gson.JsonSyntaxException: com.google.gson.stream.MalformedJsonException: invalid number or unquoted string near 
11:22:55 INFO  : Registering command handlers for SDK TCF services
11:22:55 INFO  : Launching XSCT server: xsct -n -interactive /home/ibai/vivado/ESDC/Lab2/version2_sf/version2_sf.sdk/temp_xsdb_launch_script.tcl
11:22:56 INFO  : XSCT server has started successfully.
11:22:56 INFO  : Successfully done setting XSCT server connection channel  
11:22:56 INFO  : Successfully done setting SDK workspace  
11:22:56 INFO  : Processing command line option -hwspec /home/ibai/vivado/ESDC/Lab2/version2_sf/version2_sf.sdk/version1_sf_wrapper.hdf.
11:22:56 INFO  : Checking for hwspec changes in the project version1_sf_wrapper_hw_platform_1.
11:22:57 INFO  : SDK has detected change in the last modified timestamps for source hardware specification file Source:1556184142000,  Project:1556183348000
11:22:57 INFO  : The hardware specification for project 'version1_sf_wrapper_hw_platform_1' is different from /home/ibai/vivado/ESDC/Lab2/version2_sf/version2_sf.sdk/version1_sf_wrapper.hdf.
11:22:57 INFO  : Copied contents of /home/ibai/vivado/ESDC/Lab2/version2_sf/version2_sf.sdk/version1_sf_wrapper.hdf into /version1_sf_wrapper_hw_platform_1/system.hdf.
11:23:00 INFO  : Synchronizing projects in the workspace with the hardware platform specification changes.
11:23:01 INFO  : 
11:23:01 INFO  : Updating hardware inferred compiler options for version2_sf.
11:23:01 INFO  : Clearing existing target manager status.
11:23:04 INFO  : Workspace synchronized with the new hardware specification file. Cleaning dependent projects...
11:23:05 WARN  : Linker script will not be updated automatically. Users need to update it manually.
11:24:45 INFO  : Connected to target on host '127.0.0.1' and port '3121'.
11:24:46 INFO  : 'targets -set -filter {jtag_cable_name =~ "Digilent Zybo 210279A431D3A" && level==0} -index 1' command is executed.
11:24:47 INFO  : FPGA configured successfully with bitstream "/home/ibai/vivado/ESDC/Lab2/version2_sf/version2_sf.sdk/version1_sf_wrapper_hw_platform_1/version1_sf_wrapper.bit"
11:25:16 INFO  : Processor reset is completed for ps7_cortexa9_0
11:25:16 ERROR : Unexpected error while opening JTAG UART: 
java.lang.RuntimeException: Error while opening JTAG UART server: MDM Uart NOT Present in the System
Could not detect MDM peripheral on hardware. Please check:
    1. If FPGA is configured correctly
    2. MDM Core is instantiated in the design
    3. If the correct FPGA is referred, in case of multiple FPGAs
    4. If the correct MDM is referred, in case of a multiple MDM system
    

	at com.xilinx.sdk.targetmanager.internal.TM.startJTAGUARTServer(TM.java:951)
	at com.xilinx.sdk.debug.core.internal.comm.JTAGUARTStreamsProxy.<init>(JTAGUARTStreamsProxy.java:32)
	at com.xilinx.sdk.debug.core.internal.RemoteProcess.createStreamsProxy(RemoteProcess.java:164)
	at com.xilinx.sdk.debug.core.internal.RemoteProcess.<init>(RemoteProcess.java:65)
	at com.xilinx.sdk.debug.core.internal.AppRunner.run(AppRunner.java:91)
	at com.xilinx.sdk.debug.core.XilinxAppLaunchConfigurationDelegate.runApplication(XilinxAppLaunchConfigurationDelegate.java:637)
	at com.xilinx.sdk.debug.core.XilinxAppLaunchConfigurationDelegate.launch(XilinxAppLaunchConfigurationDelegate.java:309)
	at com.xilinx.sdk.debug.ui.XilinxAppLaunchDelegateWrapper.launch(XilinxAppLaunchDelegateWrapper.java:31)
	at org.eclipse.debug.internal.core.LaunchConfiguration.launch(LaunchConfiguration.java:885)
	at org.eclipse.debug.internal.core.LaunchConfiguration.launch(LaunchConfiguration.java:739)
	at org.eclipse.debug.internal.ui.DebugUIPlugin.buildAndLaunch(DebugUIPlugin.java:1039)
	at org.eclipse.debug.internal.ui.DebugUIPlugin$8.run(DebugUIPlugin.java:1256)
	at org.eclipse.core.internal.jobs.Worker.run(Worker.java:55)
11:25:19 ERROR : Unexpected error while launching program.
java.lang.RuntimeException: Failed to download ELF file


    AP transaction error (DP CTRL_STAT=0xf0000021)
    Error Address = 0x00100000, Size = 0x00000004


	at com.xilinx.sdk.targetmanager.internal.TM.downloadELF(TM.java:686)
	at com.xilinx.sdk.debug.core.internal.AppRunner.run(AppRunner.java:129)
	at com.xilinx.sdk.debug.core.XilinxAppLaunchConfigurationDelegate.runApplication(XilinxAppLaunchConfigurationDelegate.java:637)
	at com.xilinx.sdk.debug.core.XilinxAppLaunchConfigurationDelegate.launch(XilinxAppLaunchConfigurationDelegate.java:309)
	at com.xilinx.sdk.debug.ui.XilinxAppLaunchDelegateWrapper.launch(XilinxAppLaunchDelegateWrapper.java:31)
	at org.eclipse.debug.internal.core.LaunchConfiguration.launch(LaunchConfiguration.java:885)
	at org.eclipse.debug.internal.core.LaunchConfiguration.launch(LaunchConfiguration.java:739)
	at org.eclipse.debug.internal.ui.DebugUIPlugin.buildAndLaunch(DebugUIPlugin.java:1039)
	at org.eclipse.debug.internal.ui.DebugUIPlugin$8.run(DebugUIPlugin.java:1256)
	at org.eclipse.core.internal.jobs.Worker.run(Worker.java:55)
11:26:51 INFO  : Connected to target on host '127.0.0.1' and port '3121'.
11:26:51 INFO  : 'targets -set -filter {jtag_cable_name =~ "Digilent Zybo 210279A431D3A" && level==0} -index 1' command is executed.
11:26:52 INFO  : FPGA configured successfully with bitstream "/home/ibai/vivado/ESDC/Lab2/version2_sf/version2_sf.sdk/version1_sf_wrapper_hw_platform_1/version1_sf_wrapper.bit"
11:27:26 ERROR : Unexpected error while parsing XMD response ￿: com.google.gson.JsonSyntaxException: com.google.gson.stream.MalformedJsonException: invalid number or unquoted string near 
11:27:30 INFO  : Registering command handlers for SDK TCF services
11:27:31 INFO  : Launching XSCT server: xsct -n -interactive /home/ibai/vivado/ESDC/Lab2/version2_sf/version2_sf.sdk/temp_xsdb_launch_script.tcl
11:27:32 INFO  : XSCT server has started successfully.
11:27:32 INFO  : Successfully done setting XSCT server connection channel  
11:27:32 INFO  : Successfully done setting SDK workspace  
11:27:32 INFO  : Processing command line option -hwspec /home/ibai/vivado/ESDC/Lab2/version2_sf/version2_sf.sdk/version1_sf_wrapper.hdf.
11:27:32 INFO  : Checking for hwspec changes in the project version1_sf_wrapper_hw_platform_1.
11:27:49 INFO  : Connected to target on host '127.0.0.1' and port '3121'.
11:28:12 INFO  : Connected to target on host '127.0.0.1' and port '3121'.
11:28:39 INFO  : Connected to target on host '127.0.0.1' and port '3121'.
11:29:16 INFO  : Registering command handlers for SDK TCF services
11:29:16 INFO  : Launching XSCT server: xsct -n -interactive /home/ibai/vivado/ESDC/Lab2/version2_sf/version2_sf.sdk/temp_xsdb_launch_script.tcl
11:29:17 INFO  : XSCT server has started successfully.
11:29:17 INFO  : Successfully done setting XSCT server connection channel  
11:29:17 INFO  : Successfully done setting SDK workspace  
11:29:17 INFO  : Processing command line option -hwspec /home/ibai/vivado/ESDC/Lab2/version2_sf/version2_sf.sdk/version1_sf_wrapper.hdf.
11:29:17 INFO  : Checking for hwspec changes in the project version1_sf_wrapper_hw_platform_1.
11:29:35 INFO  : Connected to target on host '127.0.0.1' and port '3121'.
11:29:35 INFO  : 'targets -set -filter {jtag_cable_name =~ "Digilent Zybo 210279A431D3A" && level==0} -index 1' command is executed.
11:29:36 INFO  : FPGA configured successfully with bitstream "/home/ibai/vivado/ESDC/Lab2/version2_sf/version2_sf.sdk/version1_sf_wrapper_hw_platform_1/version1_sf_wrapper.bit"
11:30:11 INFO  : ps7_init is completed.
11:30:11 INFO  : ps7_post_config is completed.
11:30:11 INFO  : Processor reset is completed for ps7_cortexa9_1
11:30:11 ERROR : Unexpected error while opening JTAG UART: 
java.lang.RuntimeException: Error while opening JTAG UART server: MDM Uart NOT Present in the System
Could not detect MDM peripheral on hardware. Please check:
    1. If FPGA is configured correctly
    2. MDM Core is instantiated in the design
    3. If the correct FPGA is referred, in case of multiple FPGAs
    4. If the correct MDM is referred, in case of a multiple MDM system
    

	at com.xilinx.sdk.targetmanager.internal.TM.startJTAGUARTServer(TM.java:951)
	at com.xilinx.sdk.debug.core.internal.comm.JTAGUARTStreamsProxy.<init>(JTAGUARTStreamsProxy.java:32)
	at com.xilinx.sdk.debug.core.internal.RemoteProcess.createStreamsProxy(RemoteProcess.java:164)
	at com.xilinx.sdk.debug.core.internal.RemoteProcess.<init>(RemoteProcess.java:65)
	at com.xilinx.sdk.debug.core.internal.AppRunner.run(AppRunner.java:91)
	at com.xilinx.sdk.debug.core.XilinxAppLaunchConfigurationDelegate.runApplication(XilinxAppLaunchConfigurationDelegate.java:637)
	at com.xilinx.sdk.debug.core.XilinxAppLaunchConfigurationDelegate.launch(XilinxAppLaunchConfigurationDelegate.java:309)
	at com.xilinx.sdk.debug.ui.XilinxAppLaunchDelegateWrapper.launch(XilinxAppLaunchDelegateWrapper.java:31)
	at org.eclipse.debug.internal.core.LaunchConfiguration.launch(LaunchConfiguration.java:885)
	at org.eclipse.debug.internal.core.LaunchConfiguration.launch(LaunchConfiguration.java:739)
	at org.eclipse.debug.internal.ui.DebugUIPlugin.buildAndLaunch(DebugUIPlugin.java:1039)
	at org.eclipse.debug.internal.ui.DebugUIPlugin$8.run(DebugUIPlugin.java:1256)
	at org.eclipse.core.internal.jobs.Worker.run(Worker.java:55)
11:32:42 INFO  : Processor reset is completed for ps7_cortexa9_1
11:32:42 ERROR : Unexpected error while opening JTAG UART: 
java.lang.RuntimeException: Error while opening JTAG UART server: MDM Uart NOT Present in the System
Could not detect MDM peripheral on hardware. Please check:
    1. If FPGA is configured correctly
    2. MDM Core is instantiated in the design
    3. If the correct FPGA is referred, in case of multiple FPGAs
    4. If the correct MDM is referred, in case of a multiple MDM system
    

	at com.xilinx.sdk.targetmanager.internal.TM.startJTAGUARTServer(TM.java:951)
	at com.xilinx.sdk.debug.core.internal.comm.JTAGUARTStreamsProxy.<init>(JTAGUARTStreamsProxy.java:32)
	at com.xilinx.sdk.debug.core.internal.RemoteProcess.createStreamsProxy(RemoteProcess.java:164)
	at com.xilinx.sdk.debug.core.internal.RemoteProcess.<init>(RemoteProcess.java:65)
	at com.xilinx.sdk.debug.core.internal.AppRunner.run(AppRunner.java:91)
	at com.xilinx.sdk.debug.core.XilinxAppLaunchConfigurationDelegate.runApplication(XilinxAppLaunchConfigurationDelegate.java:637)
	at com.xilinx.sdk.debug.core.XilinxAppLaunchConfigurationDelegate.launch(XilinxAppLaunchConfigurationDelegate.java:309)
	at com.xilinx.sdk.debug.ui.XilinxAppLaunchDelegateWrapper.launch(XilinxAppLaunchDelegateWrapper.java:31)
	at org.eclipse.debug.internal.core.LaunchConfiguration.launch(LaunchConfiguration.java:885)
	at org.eclipse.debug.internal.core.LaunchConfiguration.launch(LaunchConfiguration.java:739)
	at org.eclipse.debug.internal.ui.DebugUIPlugin.buildAndLaunch(DebugUIPlugin.java:1039)
	at org.eclipse.debug.internal.ui.DebugUIPlugin$8.run(DebugUIPlugin.java:1256)
	at org.eclipse.core.internal.jobs.Worker.run(Worker.java:55)
11:37:26 INFO  : Connected to target on host '127.0.0.1' and port '3121'.
11:37:26 INFO  : 'targets -set -filter {jtag_cable_name =~ "Digilent Zybo 210279A431D3A" && level==0} -index 1' command is executed.
11:37:28 INFO  : FPGA configured successfully with bitstream "/home/ibai/vivado/ESDC/Lab2/version2_sf/version2_sf.sdk/version1_sf_wrapper_hw_platform_1/version1_sf_wrapper.bit"
11:37:34 INFO  : ps7_init is completed.
11:37:34 INFO  : ps7_post_config is completed.
11:37:34 INFO  : Processor reset is completed for ps7_cortexa9_1
11:37:34 ERROR : Unexpected error while opening JTAG UART: 
java.lang.RuntimeException: Error while opening JTAG UART server: MDM Uart NOT Present in the System
Could not detect MDM peripheral on hardware. Please check:
    1. If FPGA is configured correctly
    2. MDM Core is instantiated in the design
    3. If the correct FPGA is referred, in case of multiple FPGAs
    4. If the correct MDM is referred, in case of a multiple MDM system
    

	at com.xilinx.sdk.targetmanager.internal.TM.startJTAGUARTServer(TM.java:951)
	at com.xilinx.sdk.debug.core.internal.comm.JTAGUARTStreamsProxy.<init>(JTAGUARTStreamsProxy.java:32)
	at com.xilinx.sdk.debug.core.internal.RemoteProcess.createStreamsProxy(RemoteProcess.java:164)
	at com.xilinx.sdk.debug.core.internal.RemoteProcess.<init>(RemoteProcess.java:65)
	at com.xilinx.sdk.debug.core.internal.AppRunner.run(AppRunner.java:91)
	at com.xilinx.sdk.debug.core.XilinxAppLaunchConfigurationDelegate.runApplication(XilinxAppLaunchConfigurationDelegate.java:637)
	at com.xilinx.sdk.debug.core.XilinxAppLaunchConfigurationDelegate.launch(XilinxAppLaunchConfigurationDelegate.java:309)
	at com.xilinx.sdk.debug.ui.XilinxAppLaunchDelegateWrapper.launch(XilinxAppLaunchDelegateWrapper.java:31)
	at org.eclipse.debug.internal.core.LaunchConfiguration.launch(LaunchConfiguration.java:885)
	at org.eclipse.debug.internal.core.LaunchConfiguration.launch(LaunchConfiguration.java:739)
	at org.eclipse.debug.internal.ui.DebugUIPlugin.buildAndLaunch(DebugUIPlugin.java:1039)
	at org.eclipse.debug.internal.ui.DebugUIPlugin$8.run(DebugUIPlugin.java:1256)
	at org.eclipse.core.internal.jobs.Worker.run(Worker.java:55)
11:41:55 ERROR : Unexpected error while parsing XMD response ￿: com.google.gson.JsonSyntaxException: com.google.gson.stream.MalformedJsonException: invalid number or unquoted string near 
11:42:06 INFO  : Registering command handlers for SDK TCF services
11:42:07 INFO  : Launching XSCT server: xsct -n -interactive /home/ibai/vivado/ESDC/Lab2/version2_sf/version2_sf.sdk/temp_xsdb_launch_script.tcl
11:42:08 INFO  : XSCT server has started successfully.
11:42:08 INFO  : Successfully done setting XSCT server connection channel  
11:42:08 INFO  : Successfully done setting SDK workspace  
11:42:08 INFO  : Processing command line option -hwspec /home/ibai/vivado/ESDC/Lab2/version2_sf/version2_sf.sdk/version1_sf_wrapper.hdf.
11:42:08 INFO  : Checking for hwspec changes in the project version1_sf_wrapper_hw_platform_1.
11:42:20 INFO  : Processor reset is completed for ps7_cortexa9_1
11:42:20 ERROR : Unexpected error while opening JTAG UART: 
java.lang.RuntimeException: Error while opening JTAG UART server: MDM Uart NOT Present in the System
Could not detect MDM peripheral on hardware. Please check:
    1. If FPGA is configured correctly
    2. MDM Core is instantiated in the design
    3. If the correct FPGA is referred, in case of multiple FPGAs
    4. If the correct MDM is referred, in case of a multiple MDM system
    

	at com.xilinx.sdk.targetmanager.internal.TM.startJTAGUARTServer(TM.java:951)
	at com.xilinx.sdk.debug.core.internal.comm.JTAGUARTStreamsProxy.<init>(JTAGUARTStreamsProxy.java:32)
	at com.xilinx.sdk.debug.core.internal.RemoteProcess.createStreamsProxy(RemoteProcess.java:164)
	at com.xilinx.sdk.debug.core.internal.RemoteProcess.<init>(RemoteProcess.java:65)
	at com.xilinx.sdk.debug.core.internal.AppRunner.run(AppRunner.java:91)
	at com.xilinx.sdk.debug.core.XilinxAppLaunchConfigurationDelegate.runApplication(XilinxAppLaunchConfigurationDelegate.java:637)
	at com.xilinx.sdk.debug.core.XilinxAppLaunchConfigurationDelegate.launch(XilinxAppLaunchConfigurationDelegate.java:309)
	at com.xilinx.sdk.debug.ui.XilinxAppLaunchDelegateWrapper.launch(XilinxAppLaunchDelegateWrapper.java:31)
	at org.eclipse.debug.internal.core.LaunchConfiguration.launch(LaunchConfiguration.java:885)
	at org.eclipse.debug.internal.core.LaunchConfiguration.launch(LaunchConfiguration.java:739)
	at org.eclipse.debug.internal.ui.DebugUIPlugin.buildAndLaunch(DebugUIPlugin.java:1039)
	at org.eclipse.debug.internal.ui.DebugUIPlugin$8.run(DebugUIPlugin.java:1256)
	at org.eclipse.core.internal.jobs.Worker.run(Worker.java:55)
11:43:00 ERROR : Unexpected error while parsing XMD response ￿: com.google.gson.JsonSyntaxException: com.google.gson.stream.MalformedJsonException: invalid number or unquoted string near 
11:55:12 INFO  : Registering command handlers for SDK TCF services
11:55:13 INFO  : Launching XSCT server: xsct -n -interactive /home/ibai/vivado/ESDC/Lab2/version2_sf/version2_sf.sdk/temp_xsdb_launch_script.tcl
11:55:14 INFO  : XSCT server has started successfully.
11:55:15 INFO  : Successfully done setting XSCT server connection channel  
11:55:15 INFO  : Successfully done setting SDK workspace  
11:55:15 INFO  : Processing command line option -hwspec /home/ibai/vivado/ESDC/Lab2/version2_sf/version2_sf.sdk/version1_sf_wrapper.hdf.
11:55:15 INFO  : Checking for hwspec changes in the project version1_sf_wrapper_hw_platform_1.
14:48:41 INFO  : Registering command handlers for SDK TCF services
14:48:42 INFO  : Launching XSCT server: xsct -n -interactive /home/ibai/vivado/ESDC/Lab2/version2_sf/version2_sf.sdk/temp_xsdb_launch_script.tcl
14:48:43 INFO  : XSCT server has started successfully.
14:48:44 INFO  : Successfully done setting XSCT server connection channel  
14:48:44 INFO  : Successfully done setting SDK workspace  
14:48:44 INFO  : Processing command line option -hwspec /home/ibai/vivado/ESDC/Lab2/version2_sf/version2_sf.sdk/version1_sf_wrapper.hdf.
14:48:44 INFO  : Checking for hwspec changes in the project version1_sf_wrapper_hw_platform_1.
14:49:04 INFO  : Connected to target on host '127.0.0.1' and port '3121'.
14:49:04 INFO  : 'targets -set -filter {jtag_cable_name =~ "Digilent Zybo 210279786945A" && level==0} -index 1' command is executed.
14:49:07 INFO  : FPGA configured successfully with bitstream "/home/ibai/vivado/ESDC/Lab2/version2_sf/version2_sf.sdk/version1_sf_wrapper_hw_platform_1/version1_sf_wrapper.bit"
14:49:24 INFO  : ps7_init is completed.
14:49:24 INFO  : ps7_post_config is completed.
14:49:24 INFO  : Processor reset is completed for ps7_cortexa9_1
14:49:25 ERROR : Unexpected error while opening JTAG UART: 
java.lang.RuntimeException: Error while opening JTAG UART server: MDM Uart NOT Present in the System
Could not detect MDM peripheral on hardware. Please check:
    1. If FPGA is configured correctly
    2. MDM Core is instantiated in the design
    3. If the correct FPGA is referred, in case of multiple FPGAs
    4. If the correct MDM is referred, in case of a multiple MDM system
    

	at com.xilinx.sdk.targetmanager.internal.TM.startJTAGUARTServer(TM.java:951)
	at com.xilinx.sdk.debug.core.internal.comm.JTAGUARTStreamsProxy.<init>(JTAGUARTStreamsProxy.java:32)
	at com.xilinx.sdk.debug.core.internal.RemoteProcess.createStreamsProxy(RemoteProcess.java:164)
	at com.xilinx.sdk.debug.core.internal.RemoteProcess.<init>(RemoteProcess.java:65)
	at com.xilinx.sdk.debug.core.internal.AppRunner.run(AppRunner.java:91)
	at com.xilinx.sdk.debug.core.XilinxAppLaunchConfigurationDelegate.runApplication(XilinxAppLaunchConfigurationDelegate.java:637)
	at com.xilinx.sdk.debug.core.XilinxAppLaunchConfigurationDelegate.launch(XilinxAppLaunchConfigurationDelegate.java:309)
	at com.xilinx.sdk.debug.ui.XilinxAppLaunchDelegateWrapper.launch(XilinxAppLaunchDelegateWrapper.java:31)
	at org.eclipse.debug.internal.core.LaunchConfiguration.launch(LaunchConfiguration.java:885)
	at org.eclipse.debug.internal.core.LaunchConfiguration.launch(LaunchConfiguration.java:739)
	at org.eclipse.debug.internal.ui.DebugUIPlugin.buildAndLaunch(DebugUIPlugin.java:1039)
	at org.eclipse.debug.internal.ui.DebugUIPlugin$8.run(DebugUIPlugin.java:1256)
	at org.eclipse.core.internal.jobs.Worker.run(Worker.java:55)
14:49:54 INFO  : ps7_cortexa9_1 Processor is in use. Please stop existing Run or Debug sessions before launching.
14:49:57 INFO  : Processor reset is completed for ps7_cortexa9_1
14:50:08 INFO  : Processor reset is completed for ps7_cortexa9_1
