
*** Running vivado
    with args -log version1_sf_auto_pc_1.vds -m64 -product Vivado -mode batch -messageDb vivado.pb -notrace -source version1_sf_auto_pc_1.tcl


****** Vivado v2017.2 (64-bit)
  **** SW Build 1909853 on Thu Jun 15 18:39:10 MDT 2017
  **** IP Build 1909766 on Thu Jun 15 19:58:00 MDT 2017
    ** Copyright 1986-2017 Xilinx, Inc. All Rights Reserved.

source version1_sf_auto_pc_1.tcl -notrace
Starting RTL Elaboration : Time (s): cpu = 00:00:04 ; elapsed = 00:00:04 . Memory (MB): peak = 1218.465 ; gain = 76.996 ; free physical = 7916 ; free virtual = 21357
INFO: [Synth 8-638] synthesizing module 'version1_sf_auto_pc_1' [/home/ibai/vivado/ESDC/Lab2/version2_sf/version2_sf.srcs/sources_1/bd/version1_sf/ip/version1_sf_auto_pc_1/synth/version1_sf_auto_pc_1.v:58]
INFO: [Synth 8-638] synthesizing module 'axi_protocol_converter_v2_1_13_axi_protocol_converter' [/home/ibai/vivado/ESDC/Lab2/version2_sf/version2_sf.srcs/sources_1/bd/version1_sf/ipshared/f0ae/hdl/axi_protocol_converter_v2_1_vl_rfs.v:4811]
INFO: [Synth 8-638] synthesizing module 'axi_protocol_converter_v2_1_13_b2s' [/home/ibai/vivado/ESDC/Lab2/version2_sf/version2_sf.srcs/sources_1/bd/version1_sf/ipshared/f0ae/hdl/axi_protocol_converter_v2_1_vl_rfs.v:4229]
INFO: [Synth 8-638] synthesizing module 'axi_protocol_converter_v2_1_13_b2s_aw_channel' [/home/ibai/vivado/ESDC/Lab2/version2_sf/version2_sf.srcs/sources_1/bd/version1_sf/ipshared/f0ae/hdl/axi_protocol_converter_v2_1_vl_rfs.v:3974]
INFO: [Synth 8-638] synthesizing module 'axi_protocol_converter_v2_1_13_b2s_cmd_translator' [/home/ibai/vivado/ESDC/Lab2/version2_sf/version2_sf.srcs/sources_1/bd/version1_sf/ipshared/f0ae/hdl/axi_protocol_converter_v2_1_vl_rfs.v:3467]
INFO: [Synth 8-638] synthesizing module 'axi_protocol_converter_v2_1_13_b2s_incr_cmd' [/home/ibai/vivado/ESDC/Lab2/version2_sf/version2_sf.srcs/sources_1/bd/version1_sf/ipshared/f0ae/hdl/axi_protocol_converter_v2_1_vl_rfs.v:3093]
INFO: [Synth 8-256] done synthesizing module 'axi_protocol_converter_v2_1_13_b2s_incr_cmd' (1#1) [/home/ibai/vivado/ESDC/Lab2/version2_sf/version2_sf.srcs/sources_1/bd/version1_sf/ipshared/f0ae/hdl/axi_protocol_converter_v2_1_vl_rfs.v:3093]
INFO: [Synth 8-638] synthesizing module 'axi_protocol_converter_v2_1_13_b2s_wrap_cmd' [/home/ibai/vivado/ESDC/Lab2/version2_sf/version2_sf.srcs/sources_1/bd/version1_sf/ipshared/f0ae/hdl/axi_protocol_converter_v2_1_vl_rfs.v:2903]
INFO: [Synth 8-256] done synthesizing module 'axi_protocol_converter_v2_1_13_b2s_wrap_cmd' (2#1) [/home/ibai/vivado/ESDC/Lab2/version2_sf/version2_sf.srcs/sources_1/bd/version1_sf/ipshared/f0ae/hdl/axi_protocol_converter_v2_1_vl_rfs.v:2903]
INFO: [Synth 8-256] done synthesizing module 'axi_protocol_converter_v2_1_13_b2s_cmd_translator' (3#1) [/home/ibai/vivado/ESDC/Lab2/version2_sf/version2_sf.srcs/sources_1/bd/version1_sf/ipshared/f0ae/hdl/axi_protocol_converter_v2_1_vl_rfs.v:3467]
INFO: [Synth 8-638] synthesizing module 'axi_protocol_converter_v2_1_13_b2s_wr_cmd_fsm' [/home/ibai/vivado/ESDC/Lab2/version2_sf/version2_sf.srcs/sources_1/bd/version1_sf/ipshared/f0ae/hdl/axi_protocol_converter_v2_1_vl_rfs.v:3225]
INFO: [Synth 8-256] done synthesizing module 'axi_protocol_converter_v2_1_13_b2s_wr_cmd_fsm' (4#1) [/home/ibai/vivado/ESDC/Lab2/version2_sf/version2_sf.srcs/sources_1/bd/version1_sf/ipshared/f0ae/hdl/axi_protocol_converter_v2_1_vl_rfs.v:3225]
INFO: [Synth 8-256] done synthesizing module 'axi_protocol_converter_v2_1_13_b2s_aw_channel' (5#1) [/home/ibai/vivado/ESDC/Lab2/version2_sf/version2_sf.srcs/sources_1/bd/version1_sf/ipshared/f0ae/hdl/axi_protocol_converter_v2_1_vl_rfs.v:3974]
INFO: [Synth 8-638] synthesizing module 'axi_protocol_converter_v2_1_13_b2s_b_channel' [/home/ibai/vivado/ESDC/Lab2/version2_sf/version2_sf.srcs/sources_1/bd/version1_sf/ipshared/f0ae/hdl/axi_protocol_converter_v2_1_vl_rfs.v:3609]
INFO: [Synth 8-638] synthesizing module 'axi_protocol_converter_v2_1_13_b2s_simple_fifo' [/home/ibai/vivado/ESDC/Lab2/version2_sf/version2_sf.srcs/sources_1/bd/version1_sf/ipshared/f0ae/hdl/axi_protocol_converter_v2_1_vl_rfs.v:2816]
INFO: [Synth 8-256] done synthesizing module 'axi_protocol_converter_v2_1_13_b2s_simple_fifo' (6#1) [/home/ibai/vivado/ESDC/Lab2/version2_sf/version2_sf.srcs/sources_1/bd/version1_sf/ipshared/f0ae/hdl/axi_protocol_converter_v2_1_vl_rfs.v:2816]
INFO: [Synth 8-638] synthesizing module 'axi_protocol_converter_v2_1_13_b2s_simple_fifo__parameterized0' [/home/ibai/vivado/ESDC/Lab2/version2_sf/version2_sf.srcs/sources_1/bd/version1_sf/ipshared/f0ae/hdl/axi_protocol_converter_v2_1_vl_rfs.v:2816]
INFO: [Synth 8-256] done synthesizing module 'axi_protocol_converter_v2_1_13_b2s_simple_fifo__parameterized0' (6#1) [/home/ibai/vivado/ESDC/Lab2/version2_sf/version2_sf.srcs/sources_1/bd/version1_sf/ipshared/f0ae/hdl/axi_protocol_converter_v2_1_vl_rfs.v:2816]
INFO: [Synth 8-256] done synthesizing module 'axi_protocol_converter_v2_1_13_b2s_b_channel' (7#1) [/home/ibai/vivado/ESDC/Lab2/version2_sf/version2_sf.srcs/sources_1/bd/version1_sf/ipshared/f0ae/hdl/axi_protocol_converter_v2_1_vl_rfs.v:3609]
INFO: [Synth 8-638] synthesizing module 'axi_protocol_converter_v2_1_13_b2s_ar_channel' [/home/ibai/vivado/ESDC/Lab2/version2_sf/version2_sf.srcs/sources_1/bd/version1_sf/ipshared/f0ae/hdl/axi_protocol_converter_v2_1_vl_rfs.v:4085]
INFO: [Synth 8-638] synthesizing module 'axi_protocol_converter_v2_1_13_b2s_rd_cmd_fsm' [/home/ibai/vivado/ESDC/Lab2/version2_sf/version2_sf.srcs/sources_1/bd/version1_sf/ipshared/f0ae/hdl/axi_protocol_converter_v2_1_vl_rfs.v:3336]
INFO: [Synth 8-256] done synthesizing module 'axi_protocol_converter_v2_1_13_b2s_rd_cmd_fsm' (8#1) [/home/ibai/vivado/ESDC/Lab2/version2_sf/version2_sf.srcs/sources_1/bd/version1_sf/ipshared/f0ae/hdl/axi_protocol_converter_v2_1_vl_rfs.v:3336]
INFO: [Synth 8-256] done synthesizing module 'axi_protocol_converter_v2_1_13_b2s_ar_channel' (9#1) [/home/ibai/vivado/ESDC/Lab2/version2_sf/version2_sf.srcs/sources_1/bd/version1_sf/ipshared/f0ae/hdl/axi_protocol_converter_v2_1_vl_rfs.v:4085]
INFO: [Synth 8-638] synthesizing module 'axi_protocol_converter_v2_1_13_b2s_r_channel' [/home/ibai/vivado/ESDC/Lab2/version2_sf/version2_sf.srcs/sources_1/bd/version1_sf/ipshared/f0ae/hdl/axi_protocol_converter_v2_1_vl_rfs.v:3814]
INFO: [Synth 8-638] synthesizing module 'axi_protocol_converter_v2_1_13_b2s_simple_fifo__parameterized1' [/home/ibai/vivado/ESDC/Lab2/version2_sf/version2_sf.srcs/sources_1/bd/version1_sf/ipshared/f0ae/hdl/axi_protocol_converter_v2_1_vl_rfs.v:2816]
INFO: [Synth 8-256] done synthesizing module 'axi_protocol_converter_v2_1_13_b2s_simple_fifo__parameterized1' (9#1) [/home/ibai/vivado/ESDC/Lab2/version2_sf/version2_sf.srcs/sources_1/bd/version1_sf/ipshared/f0ae/hdl/axi_protocol_converter_v2_1_vl_rfs.v:2816]
INFO: [Synth 8-638] synthesizing module 'axi_protocol_converter_v2_1_13_b2s_simple_fifo__parameterized2' [/home/ibai/vivado/ESDC/Lab2/version2_sf/version2_sf.srcs/sources_1/bd/version1_sf/ipshared/f0ae/hdl/axi_protocol_converter_v2_1_vl_rfs.v:2816]
INFO: [Synth 8-256] done synthesizing module 'axi_protocol_converter_v2_1_13_b2s_simple_fifo__parameterized2' (9#1) [/home/ibai/vivado/ESDC/Lab2/version2_sf/version2_sf.srcs/sources_1/bd/version1_sf/ipshared/f0ae/hdl/axi_protocol_converter_v2_1_vl_rfs.v:2816]
INFO: [Synth 8-256] done synthesizing module 'axi_protocol_converter_v2_1_13_b2s_r_channel' (10#1) [/home/ibai/vivado/ESDC/Lab2/version2_sf/version2_sf.srcs/sources_1/bd/version1_sf/ipshared/f0ae/hdl/axi_protocol_converter_v2_1_vl_rfs.v:3814]
INFO: [Synth 8-638] synthesizing module 'axi_register_slice_v2_1_13_axi_register_slice' [/home/ibai/vivado/ESDC/Lab2/version2_sf/version2_sf.srcs/sources_1/bd/version1_sf/ipshared/55c0/hdl/axi_register_slice_v2_1_vl_rfs.v:791]
INFO: [Synth 8-638] synthesizing module 'axi_infrastructure_v1_1_0_axi2vector' [/home/ibai/vivado/ESDC/Lab2/version2_sf/version2_sf.srcs/sources_1/bd/version1_sf/ipshared/7e3a/hdl/axi_infrastructure_v1_1_vl_rfs.v:60]
INFO: [Synth 8-256] done synthesizing module 'axi_infrastructure_v1_1_0_axi2vector' (11#1) [/home/ibai/vivado/ESDC/Lab2/version2_sf/version2_sf.srcs/sources_1/bd/version1_sf/ipshared/7e3a/hdl/axi_infrastructure_v1_1_vl_rfs.v:60]
INFO: [Synth 8-638] synthesizing module 'axi_register_slice_v2_1_13_axic_register_slice' [/home/ibai/vivado/ESDC/Lab2/version2_sf/version2_sf.srcs/sources_1/bd/version1_sf/ipshared/55c0/hdl/axi_register_slice_v2_1_vl_rfs.v:85]
INFO: [Synth 8-256] done synthesizing module 'axi_register_slice_v2_1_13_axic_register_slice' (12#1) [/home/ibai/vivado/ESDC/Lab2/version2_sf/version2_sf.srcs/sources_1/bd/version1_sf/ipshared/55c0/hdl/axi_register_slice_v2_1_vl_rfs.v:85]
INFO: [Synth 8-638] synthesizing module 'axi_register_slice_v2_1_13_axic_register_slice__parameterized0' [/home/ibai/vivado/ESDC/Lab2/version2_sf/version2_sf.srcs/sources_1/bd/version1_sf/ipshared/55c0/hdl/axi_register_slice_v2_1_vl_rfs.v:85]
INFO: [Synth 8-256] done synthesizing module 'axi_register_slice_v2_1_13_axic_register_slice__parameterized0' (12#1) [/home/ibai/vivado/ESDC/Lab2/version2_sf/version2_sf.srcs/sources_1/bd/version1_sf/ipshared/55c0/hdl/axi_register_slice_v2_1_vl_rfs.v:85]
INFO: [Synth 8-638] synthesizing module 'axi_register_slice_v2_1_13_axic_register_slice__parameterized1' [/home/ibai/vivado/ESDC/Lab2/version2_sf/version2_sf.srcs/sources_1/bd/version1_sf/ipshared/55c0/hdl/axi_register_slice_v2_1_vl_rfs.v:85]
INFO: [Synth 8-256] done synthesizing module 'axi_register_slice_v2_1_13_axic_register_slice__parameterized1' (12#1) [/home/ibai/vivado/ESDC/Lab2/version2_sf/version2_sf.srcs/sources_1/bd/version1_sf/ipshared/55c0/hdl/axi_register_slice_v2_1_vl_rfs.v:85]
INFO: [Synth 8-638] synthesizing module 'axi_register_slice_v2_1_13_axic_register_slice__parameterized2' [/home/ibai/vivado/ESDC/Lab2/version2_sf/version2_sf.srcs/sources_1/bd/version1_sf/ipshared/55c0/hdl/axi_register_slice_v2_1_vl_rfs.v:85]
INFO: [Synth 8-256] done synthesizing module 'axi_register_slice_v2_1_13_axic_register_slice__parameterized2' (12#1) [/home/ibai/vivado/ESDC/Lab2/version2_sf/version2_sf.srcs/sources_1/bd/version1_sf/ipshared/55c0/hdl/axi_register_slice_v2_1_vl_rfs.v:85]
INFO: [Synth 8-638] synthesizing module 'axi_infrastructure_v1_1_0_vector2axi' [/home/ibai/vivado/ESDC/Lab2/version2_sf/version2_sf.srcs/sources_1/bd/version1_sf/ipshared/7e3a/hdl/axi_infrastructure_v1_1_vl_rfs.v:474]
INFO: [Synth 8-256] done synthesizing module 'axi_infrastructure_v1_1_0_vector2axi' (13#1) [/home/ibai/vivado/ESDC/Lab2/version2_sf/version2_sf.srcs/sources_1/bd/version1_sf/ipshared/7e3a/hdl/axi_infrastructure_v1_1_vl_rfs.v:474]
INFO: [Synth 8-256] done synthesizing module 'axi_register_slice_v2_1_13_axi_register_slice' (14#1) [/home/ibai/vivado/ESDC/Lab2/version2_sf/version2_sf.srcs/sources_1/bd/version1_sf/ipshared/55c0/hdl/axi_register_slice_v2_1_vl_rfs.v:791]
INFO: [Synth 8-638] synthesizing module 'axi_register_slice_v2_1_13_axi_register_slice__parameterized0' [/home/ibai/vivado/ESDC/Lab2/version2_sf/version2_sf.srcs/sources_1/bd/version1_sf/ipshared/55c0/hdl/axi_register_slice_v2_1_vl_rfs.v:791]
INFO: [Synth 8-638] synthesizing module 'axi_infrastructure_v1_1_0_axi2vector__parameterized0' [/home/ibai/vivado/ESDC/Lab2/version2_sf/version2_sf.srcs/sources_1/bd/version1_sf/ipshared/7e3a/hdl/axi_infrastructure_v1_1_vl_rfs.v:60]
INFO: [Synth 8-256] done synthesizing module 'axi_infrastructure_v1_1_0_axi2vector__parameterized0' (14#1) [/home/ibai/vivado/ESDC/Lab2/version2_sf/version2_sf.srcs/sources_1/bd/version1_sf/ipshared/7e3a/hdl/axi_infrastructure_v1_1_vl_rfs.v:60]
INFO: [Synth 8-638] synthesizing module 'axi_register_slice_v2_1_13_axic_register_slice__parameterized3' [/home/ibai/vivado/ESDC/Lab2/version2_sf/version2_sf.srcs/sources_1/bd/version1_sf/ipshared/55c0/hdl/axi_register_slice_v2_1_vl_rfs.v:85]
INFO: [Synth 8-256] done synthesizing module 'axi_register_slice_v2_1_13_axic_register_slice__parameterized3' (14#1) [/home/ibai/vivado/ESDC/Lab2/version2_sf/version2_sf.srcs/sources_1/bd/version1_sf/ipshared/55c0/hdl/axi_register_slice_v2_1_vl_rfs.v:85]
INFO: [Synth 8-638] synthesizing module 'axi_register_slice_v2_1_13_axic_register_slice__parameterized4' [/home/ibai/vivado/ESDC/Lab2/version2_sf/version2_sf.srcs/sources_1/bd/version1_sf/ipshared/55c0/hdl/axi_register_slice_v2_1_vl_rfs.v:85]
INFO: [Synth 8-256] done synthesizing module 'axi_register_slice_v2_1_13_axic_register_slice__parameterized4' (14#1) [/home/ibai/vivado/ESDC/Lab2/version2_sf/version2_sf.srcs/sources_1/bd/version1_sf/ipshared/55c0/hdl/axi_register_slice_v2_1_vl_rfs.v:85]
INFO: [Synth 8-638] synthesizing module 'axi_register_slice_v2_1_13_axic_register_slice__parameterized5' [/home/ibai/vivado/ESDC/Lab2/version2_sf/version2_sf.srcs/sources_1/bd/version1_sf/ipshared/55c0/hdl/axi_register_slice_v2_1_vl_rfs.v:85]
INFO: [Synth 8-256] done synthesizing module 'axi_register_slice_v2_1_13_axic_register_slice__parameterized5' (14#1) [/home/ibai/vivado/ESDC/Lab2/version2_sf/version2_sf.srcs/sources_1/bd/version1_sf/ipshared/55c0/hdl/axi_register_slice_v2_1_vl_rfs.v:85]
INFO: [Synth 8-638] synthesizing module 'axi_register_slice_v2_1_13_axic_register_slice__parameterized6' [/home/ibai/vivado/ESDC/Lab2/version2_sf/version2_sf.srcs/sources_1/bd/version1_sf/ipshared/55c0/hdl/axi_register_slice_v2_1_vl_rfs.v:85]
INFO: [Synth 8-256] done synthesizing module 'axi_register_slice_v2_1_13_axic_register_slice__parameterized6' (14#1) [/home/ibai/vivado/ESDC/Lab2/version2_sf/version2_sf.srcs/sources_1/bd/version1_sf/ipshared/55c0/hdl/axi_register_slice_v2_1_vl_rfs.v:85]
INFO: [Synth 8-638] synthesizing module 'axi_infrastructure_v1_1_0_vector2axi__parameterized0' [/home/ibai/vivado/ESDC/Lab2/version2_sf/version2_sf.srcs/sources_1/bd/version1_sf/ipshared/7e3a/hdl/axi_infrastructure_v1_1_vl_rfs.v:474]
INFO: [Synth 8-256] done synthesizing module 'axi_infrastructure_v1_1_0_vector2axi__parameterized0' (14#1) [/home/ibai/vivado/ESDC/Lab2/version2_sf/version2_sf.srcs/sources_1/bd/version1_sf/ipshared/7e3a/hdl/axi_infrastructure_v1_1_vl_rfs.v:474]
INFO: [Synth 8-256] done synthesizing module 'axi_register_slice_v2_1_13_axi_register_slice__parameterized0' (14#1) [/home/ibai/vivado/ESDC/Lab2/version2_sf/version2_sf.srcs/sources_1/bd/version1_sf/ipshared/55c0/hdl/axi_register_slice_v2_1_vl_rfs.v:791]
INFO: [Synth 8-256] done synthesizing module 'axi_protocol_converter_v2_1_13_b2s' (15#1) [/home/ibai/vivado/ESDC/Lab2/version2_sf/version2_sf.srcs/sources_1/bd/version1_sf/ipshared/f0ae/hdl/axi_protocol_converter_v2_1_vl_rfs.v:4229]
INFO: [Synth 8-256] done synthesizing module 'axi_protocol_converter_v2_1_13_axi_protocol_converter' (16#1) [/home/ibai/vivado/ESDC/Lab2/version2_sf/version2_sf.srcs/sources_1/bd/version1_sf/ipshared/f0ae/hdl/axi_protocol_converter_v2_1_vl_rfs.v:4811]
INFO: [Synth 8-256] done synthesizing module 'version1_sf_auto_pc_1' (17#1) [/home/ibai/vivado/ESDC/Lab2/version2_sf/version2_sf.srcs/sources_1/bd/version1_sf/ip/version1_sf_auto_pc_1/synth/version1_sf_auto_pc_1.v:58]
Finished RTL Elaboration : Time (s): cpu = 00:00:24 ; elapsed = 00:00:25 . Memory (MB): peak = 1339.965 ; gain = 198.496 ; free physical = 7925 ; free virtual = 21369
Finished RTL Optimization Phase 1 : Time (s): cpu = 00:00:24 ; elapsed = 00:00:25 . Memory (MB): peak = 1339.965 ; gain = 198.496 ; free physical = 7925 ; free virtual = 21370
INFO: [Device 21-403] Loading part xc7z010clg400-1
Constraint Validation Runtime : Time (s): cpu = 00:00:00.07 ; elapsed = 00:00:00.05 . Memory (MB): peak = 1630.523 ; gain = 0.000 ; free physical = 8251 ; free virtual = 21697
Finished Constraint Validation : Time (s): cpu = 00:00:33 ; elapsed = 00:00:33 . Memory (MB): peak = 1630.523 ; gain = 489.055 ; free physical = 8349 ; free virtual = 21795
Finished Loading Part and Timing Information : Time (s): cpu = 00:00:33 ; elapsed = 00:00:33 . Memory (MB): peak = 1630.523 ; gain = 489.055 ; free physical = 8349 ; free virtual = 21795
Finished applying 'set_property' XDC Constraints : Time (s): cpu = 00:00:33 ; elapsed = 00:00:33 . Memory (MB): peak = 1630.523 ; gain = 489.055 ; free physical = 8349 ; free virtual = 21795
Finished RTL Optimization Phase 2 : Time (s): cpu = 00:00:33 ; elapsed = 00:00:34 . Memory (MB): peak = 1630.523 ; gain = 489.055 ; free physical = 8341 ; free virtual = 21787
Finished Cross Boundary and Area Optimization : Time (s): cpu = 00:00:34 ; elapsed = 00:00:35 . Memory (MB): peak = 1630.523 ; gain = 489.055 ; free physical = 8316 ; free virtual = 21762
Finished Applying XDC Timing Constraints : Time (s): cpu = 00:00:40 ; elapsed = 00:00:40 . Memory (MB): peak = 1630.523 ; gain = 489.055 ; free physical = 8200 ; free virtual = 21646
Finished Timing Optimization : Time (s): cpu = 00:00:41 ; elapsed = 00:00:41 . Memory (MB): peak = 1655.133 ; gain = 513.664 ; free physical = 8169 ; free virtual = 21615
Finished Technology Mapping : Time (s): cpu = 00:00:41 ; elapsed = 00:00:42 . Memory (MB): peak = 1663.141 ; gain = 521.672 ; free physical = 8169 ; free virtual = 21615
Finished IO Insertion : Time (s): cpu = 00:00:42 ; elapsed = 00:00:42 . Memory (MB): peak = 1663.141 ; gain = 521.672 ; free physical = 8170 ; free virtual = 21616
Finished Renaming Generated Instances : Time (s): cpu = 00:00:42 ; elapsed = 00:00:42 . Memory (MB): peak = 1663.141 ; gain = 521.672 ; free physical = 8170 ; free virtual = 21616
Finished Rebuilding User Hierarchy : Time (s): cpu = 00:00:42 ; elapsed = 00:00:42 . Memory (MB): peak = 1663.141 ; gain = 521.672 ; free physical = 8170 ; free virtual = 21616
Finished Renaming Generated Ports : Time (s): cpu = 00:00:42 ; elapsed = 00:00:42 . Memory (MB): peak = 1663.141 ; gain = 521.672 ; free physical = 8170 ; free virtual = 21616
Finished Handling Custom Attributes : Time (s): cpu = 00:00:42 ; elapsed = 00:00:42 . Memory (MB): peak = 1663.141 ; gain = 521.672 ; free physical = 8170 ; free virtual = 21616
Finished Renaming Generated Nets : Time (s): cpu = 00:00:42 ; elapsed = 00:00:42 . Memory (MB): peak = 1663.141 ; gain = 521.672 ; free physical = 8170 ; free virtual = 21616

Report Cell Usage: 
+------+--------+------+
|      |Cell    |Count |
+------+--------+------+
|1     |CARRY4  |    18|
|2     |LUT1    |    38|
|3     |LUT2    |    18|
|4     |LUT3    |   236|
|5     |LUT4    |    48|
|6     |LUT5    |    73|
|7     |LUT6    |   103|
|8     |SRL16E  |    18|
|9     |SRLC32E |    47|
|10    |FDRE    |   550|
|11    |FDSE    |    48|
+------+--------+------+
Finished Writing Synthesis Report : Time (s): cpu = 00:00:42 ; elapsed = 00:00:42 . Memory (MB): peak = 1663.141 ; gain = 521.672 ; free physical = 8170 ; free virtual = 21616
synth_design: Time (s): cpu = 00:00:43 ; elapsed = 00:00:43 . Memory (MB): peak = 1663.148 ; gain = 534.266 ; free physical = 8221 ; free virtual = 21667
