10:23:18 INFO  : Registering command handlers for SDK TCF services
10:23:20 INFO  : Launching XSCT server: xsct -n -interactive /home/ibai/vivado/ESDC/Lab2/version1_sf/version1_sf.sdk/temp_xsdb_launch_script.tcl
10:23:21 INFO  : XSCT server has started successfully.
10:23:21 INFO  : Successfully done setting XSCT server connection channel  
10:23:22 INFO  : Successfully done setting SDK workspace  
10:23:22 INFO  : Processing command line option -hwspec /home/ibai/vivado/ESDC/Lab2/version1_sf/version1_sf.sdk/version1_sf_wrapper.hdf.
10:26:43 INFO  : Connected to target on host '127.0.0.1' and port '3121'.
10:26:43 INFO  : 'targets -set -filter {jtag_cable_name =~ "Digilent Zybo 210279A431D3A" && level==0} -index 1' command is executed.
10:26:45 INFO  : FPGA configured successfully with bitstream "/home/ibai/vivado/ESDC/Lab2/version1_sf/version1_sf.sdk/version1_sf_wrapper_hw_platform_0/version1_sf_wrapper.bit"
10:27:16 INFO  : ps7_init is completed.
10:27:16 INFO  : ps7_post_config is completed.
10:27:16 INFO  : Processor reset is completed for ps7_cortexa9_0
10:27:16 ERROR : Unexpected error while opening JTAG UART: 
java.lang.RuntimeException: Error while opening JTAG UART server: MDM Uart NOT Present in the System
Could not detect MDM peripheral on hardware. Please check:
    1. If FPGA is configured correctly
    2. MDM Core is instantiated in the design
    3. If the correct FPGA is referred, in case of multiple FPGAs
    4. If the correct MDM is referred, in case of a multiple MDM system
    

	at com.xilinx.sdk.targetmanager.internal.TM.startJTAGUARTServer(TM.java:951)
	at com.xilinx.sdk.debug.core.internal.comm.JTAGUARTStreamsProxy.<init>(JTAGUARTStreamsProxy.java:32)
	at com.xilinx.sdk.debug.core.internal.RemoteProcess.createStreamsProxy(RemoteProcess.java:164)
	at com.xilinx.sdk.debug.core.internal.RemoteProcess.<init>(RemoteProcess.java:65)
	at com.xilinx.sdk.debug.core.internal.AppRunner.run(AppRunner.java:91)
	at com.xilinx.sdk.debug.core.XilinxAppLaunchConfigurationDelegate.runApplication(XilinxAppLaunchConfigurationDelegate.java:637)
	at com.xilinx.sdk.debug.core.XilinxAppLaunchConfigurationDelegate.launch(XilinxAppLaunchConfigurationDelegate.java:309)
	at com.xilinx.sdk.debug.ui.XilinxAppLaunchDelegateWrapper.launch(XilinxAppLaunchDelegateWrapper.java:31)
	at org.eclipse.debug.internal.core.LaunchConfiguration.launch(LaunchConfiguration.java:885)
	at org.eclipse.debug.internal.core.LaunchConfiguration.launch(LaunchConfiguration.java:739)
	at org.eclipse.debug.internal.ui.DebugUIPlugin.buildAndLaunch(DebugUIPlugin.java:1039)
	at org.eclipse.debug.internal.ui.DebugUIPlugin$8.run(DebugUIPlugin.java:1256)
	at org.eclipse.core.internal.jobs.Worker.run(Worker.java:55)
10:29:22 INFO  : Connected to target on host '127.0.0.1' and port '3121'.
10:29:22 INFO  : 'targets -set -filter {jtag_cable_name =~ "Digilent Zybo 210279A431D3A" && level==0} -index 1' command is executed.
10:29:23 INFO  : FPGA configured successfully with bitstream "/home/ibai/vivado/ESDC/Lab2/version1_sf/version1_sf.sdk/version1_sf_wrapper_hw_platform_0/version1_sf_wrapper.bit"
10:29:34 INFO  : ps7_init is completed.
10:29:34 INFO  : ps7_post_config is completed.
10:29:34 INFO  : Processor reset is completed for ps7_cortexa9_0
10:29:34 ERROR : Unexpected error while opening JTAG UART: 
java.lang.RuntimeException: Error while opening JTAG UART server: MDM Uart NOT Present in the System
Could not detect MDM peripheral on hardware. Please check:
    1. If FPGA is configured correctly
    2. MDM Core is instantiated in the design
    3. If the correct FPGA is referred, in case of multiple FPGAs
    4. If the correct MDM is referred, in case of a multiple MDM system
    

	at com.xilinx.sdk.targetmanager.internal.TM.startJTAGUARTServer(TM.java:951)
	at com.xilinx.sdk.debug.core.internal.comm.JTAGUARTStreamsProxy.<init>(JTAGUARTStreamsProxy.java:32)
	at com.xilinx.sdk.debug.core.internal.RemoteProcess.createStreamsProxy(RemoteProcess.java:164)
	at com.xilinx.sdk.debug.core.internal.RemoteProcess.<init>(RemoteProcess.java:65)
	at com.xilinx.sdk.debug.core.internal.AppRunner.run(AppRunner.java:91)
	at com.xilinx.sdk.debug.core.XilinxAppLaunchConfigurationDelegate.runApplication(XilinxAppLaunchConfigurationDelegate.java:637)
	at com.xilinx.sdk.debug.core.XilinxAppLaunchConfigurationDelegate.launch(XilinxAppLaunchConfigurationDelegate.java:309)
	at com.xilinx.sdk.debug.ui.XilinxAppLaunchDelegateWrapper.launch(XilinxAppLaunchDelegateWrapper.java:31)
	at org.eclipse.debug.internal.core.LaunchConfiguration.launch(LaunchConfiguration.java:885)
	at org.eclipse.debug.internal.core.LaunchConfiguration.launch(LaunchConfiguration.java:739)
	at org.eclipse.debug.internal.ui.DebugUIPlugin.buildAndLaunch(DebugUIPlugin.java:1039)
	at org.eclipse.debug.internal.ui.DebugUIPlugin$8.run(DebugUIPlugin.java:1256)
	at org.eclipse.core.internal.jobs.Worker.run(Worker.java:55)
10:32:29 INFO  : Connected to target on host '127.0.0.1' and port '3121'.
10:32:29 INFO  : 'targets -set -filter {jtag_cable_name =~ "Digilent Zybo 210279A431D3A" && level==0} -index 1' command is executed.
10:32:30 INFO  : FPGA configured successfully with bitstream "/home/ibai/vivado/ESDC/Lab1/mixed_approach/mixed_approach.sdk/lab1_sf_wrapper_hw_platform_2/lab1_sf_wrapper.bit"
10:33:09 ERROR : Unexpected error while launching program.
java.lang.RuntimeException: Error in Resetting Target

    Could not stop the processor after reset


	at com.xilinx.sdk.targetmanager.internal.TM.doProcessorReset(TM.java:1011)
	at com.xilinx.sdk.debug.core.XilinxAppLaunchConfigurationDelegate.runTargetSetup(XilinxAppLaunchConfigurationDelegate.java:534)
	at com.xilinx.sdk.debug.core.XilinxAppLaunchConfigurationDelegate.runApplication(XilinxAppLaunchConfigurationDelegate.java:616)
	at com.xilinx.sdk.debug.core.XilinxAppLaunchConfigurationDelegate.launch(XilinxAppLaunchConfigurationDelegate.java:309)
	at com.xilinx.sdk.debug.ui.XilinxAppLaunchDelegateWrapper.launch(XilinxAppLaunchDelegateWrapper.java:31)
	at org.eclipse.debug.internal.core.LaunchConfiguration.launch(LaunchConfiguration.java:885)
	at org.eclipse.debug.internal.core.LaunchConfiguration.launch(LaunchConfiguration.java:739)
	at org.eclipse.debug.internal.ui.DebugUIPlugin.buildAndLaunch(DebugUIPlugin.java:1039)
	at org.eclipse.debug.internal.ui.DebugUIPlugin$8.run(DebugUIPlugin.java:1256)
	at org.eclipse.core.internal.jobs.Worker.run(Worker.java:55)
10:33:54 ERROR : Unexpected error while parsing XMD response ￿: com.google.gson.JsonSyntaxException: com.google.gson.stream.MalformedJsonException: invalid number or unquoted string near 
10:33:59 INFO  : Registering command handlers for SDK TCF services
10:33:59 INFO  : Launching XSCT server: xsct -n -interactive /home/ibai/vivado/ESDC/Lab2/version1_sf/version1_sf.sdk/temp_xsdb_launch_script.tcl
10:34:00 INFO  : XSCT server has started successfully.
10:34:00 INFO  : Successfully done setting XSCT server connection channel  
10:34:01 INFO  : Successfully done setting SDK workspace  
10:34:01 INFO  : Processing command line option -hwspec /home/ibai/vivado/ESDC/Lab2/version1_sf/version1_sf.sdk/version1_sf_wrapper.hdf.
10:34:01 INFO  : Checking for hwspec changes in the project version1_sf_wrapper_hw_platform_0.
10:35:03 INFO  : Registering command handlers for SDK TCF services
10:35:03 INFO  : Launching XSCT server: xsct -n -interactive /home/ibai/vivado/ESDC/Lab2/version1_sf/version1_sf.sdk/temp_xsdb_launch_script.tcl
10:35:04 INFO  : XSCT server has started successfully.
10:35:05 INFO  : Successfully done setting XSCT server connection channel  
10:35:05 INFO  : Successfully done setting SDK workspace  
10:35:05 INFO  : Processing command line option -hwspec /home/ibai/vivado/ESDC/Lab2/version1_sf/version1_sf.sdk/version1_sf_wrapper.hdf.
10:35:05 INFO  : Checking for hwspec changes in the project version1_sf_wrapper_hw_platform_0.
10:35:57 INFO  : Connected to target on host '127.0.0.1' and port '3121'.
10:35:57 INFO  : 'targets -set -filter {jtag_cable_name =~ "Digilent Zybo 210279A431D3A" && level==0} -index 1' command is executed.
10:35:58 INFO  : FPGA configured successfully with bitstream "/home/ibai/vivado/ESDC/Lab2/version1_sf/version1_sf.sdk/version1_sf_wrapper_hw_platform_0/version1_sf_wrapper.bit"
10:36:10 INFO  : ps7_init is completed.
10:36:10 INFO  : ps7_post_config is completed.
10:36:10 INFO  : Processor reset is completed for ps7_cortexa9_0
10:36:10 ERROR : Unexpected error while opening JTAG UART: 
java.lang.RuntimeException: Error while opening JTAG UART server: MDM Uart NOT Present in the System
Could not detect MDM peripheral on hardware. Please check:
    1. If FPGA is configured correctly
    2. MDM Core is instantiated in the design
    3. If the correct FPGA is referred, in case of multiple FPGAs
    4. If the correct MDM is referred, in case of a multiple MDM system
    

	at com.xilinx.sdk.targetmanager.internal.TM.startJTAGUARTServer(TM.java:951)
	at com.xilinx.sdk.debug.core.internal.comm.JTAGUARTStreamsProxy.<init>(JTAGUARTStreamsProxy.java:32)
	at com.xilinx.sdk.debug.core.internal.RemoteProcess.createStreamsProxy(RemoteProcess.java:164)
	at com.xilinx.sdk.debug.core.internal.RemoteProcess.<init>(RemoteProcess.java:65)
	at com.xilinx.sdk.debug.core.internal.AppRunner.run(AppRunner.java:91)
	at com.xilinx.sdk.debug.core.XilinxAppLaunchConfigurationDelegate.runApplication(XilinxAppLaunchConfigurationDelegate.java:637)
	at com.xilinx.sdk.debug.core.XilinxAppLaunchConfigurationDelegate.launch(XilinxAppLaunchConfigurationDelegate.java:309)
	at com.xilinx.sdk.debug.ui.XilinxAppLaunchDelegateWrapper.launch(XilinxAppLaunchDelegateWrapper.java:31)
	at org.eclipse.debug.internal.core.LaunchConfiguration.launch(LaunchConfiguration.java:885)
	at org.eclipse.debug.internal.core.LaunchConfiguration.launch(LaunchConfiguration.java:739)
	at org.eclipse.debug.internal.ui.DebugUIPlugin.buildAndLaunch(DebugUIPlugin.java:1039)
	at org.eclipse.debug.internal.ui.DebugUIPlugin$8.run(DebugUIPlugin.java:1256)
	at org.eclipse.core.internal.jobs.Worker.run(Worker.java:55)
10:37:54 ERROR : The Hardware Project referenced by this BSP (lab1_mixed_approach_bsp) was not found in this workspace. As a result, this BSP will not build properly. To fix this error, please import the associated hardware project or recreate a new BSP targeting an existing hardware platform.
10:38:31 INFO  : Connected to target on host '127.0.0.1' and port '3121'.
10:38:31 INFO  : 'targets -set -filter {jtag_cable_name =~ "Digilent Zybo 210279A431D3A" && level==0} -index 1' command is executed.
10:38:32 INFO  : FPGA configured successfully with bitstream "/home/ibai/vivado/ESDC/Lab1/mixed_approach/mixed_approach.sdk/lab1_sf_wrapper_hw_platform_2/lab1_sf_wrapper.bit"
10:38:59 INFO  : Processor reset is completed for ps7_cortexa9_0
10:38:59 ERROR : Unexpected error while opening JTAG UART: 
java.lang.RuntimeException: Error while opening JTAG UART server: MDM Uart NOT Present in the System
Could not detect MDM peripheral on hardware. Please check:
    1. If FPGA is configured correctly
    2. MDM Core is instantiated in the design
    3. If the correct FPGA is referred, in case of multiple FPGAs
    4. If the correct MDM is referred, in case of a multiple MDM system
    

	at com.xilinx.sdk.targetmanager.internal.TM.startJTAGUARTServer(TM.java:951)
	at com.xilinx.sdk.debug.core.internal.comm.JTAGUARTStreamsProxy.<init>(JTAGUARTStreamsProxy.java:32)
	at com.xilinx.sdk.debug.core.internal.RemoteProcess.createStreamsProxy(RemoteProcess.java:164)
	at com.xilinx.sdk.debug.core.internal.RemoteProcess.<init>(RemoteProcess.java:65)
	at com.xilinx.sdk.debug.core.internal.AppRunner.run(AppRunner.java:91)
	at com.xilinx.sdk.debug.core.XilinxAppLaunchConfigurationDelegate.runApplication(XilinxAppLaunchConfigurationDelegate.java:637)
	at com.xilinx.sdk.debug.core.XilinxAppLaunchConfigurationDelegate.launch(XilinxAppLaunchConfigurationDelegate.java:309)
	at com.xilinx.sdk.debug.ui.XilinxAppLaunchDelegateWrapper.launch(XilinxAppLaunchDelegateWrapper.java:31)
	at org.eclipse.debug.internal.core.LaunchConfiguration.launch(LaunchConfiguration.java:885)
	at org.eclipse.debug.internal.core.LaunchConfiguration.launch(LaunchConfiguration.java:739)
	at org.eclipse.debug.internal.ui.DebugUIPlugin.buildAndLaunch(DebugUIPlugin.java:1039)
	at org.eclipse.debug.internal.ui.DebugUIPlugin$8.run(DebugUIPlugin.java:1256)
	at org.eclipse.core.internal.jobs.Worker.run(Worker.java:55)
10:39:49 INFO  : Connected to target on host '127.0.0.1' and port '3121'.
10:39:49 INFO  : 'targets -set -filter {jtag_cable_name =~ "Digilent Zybo 210279A431D3A" && level==0} -index 1' command is executed.
10:39:50 INFO  : FPGA configured successfully with bitstream "/home/ibai/vivado/ESDC/Lab2/version1_sf/version1_sf.sdk/version1_sf_wrapper_hw_platform_0/version1_sf_wrapper.bit"
10:39:59 INFO  : Processor reset is completed for ps7_cortexa9_0
10:39:59 ERROR : Unexpected error while opening JTAG UART: 
java.lang.RuntimeException: Error while opening JTAG UART server: MDM Uart NOT Present in the System
Could not detect MDM peripheral on hardware. Please check:
    1. If FPGA is configured correctly
    2. MDM Core is instantiated in the design
    3. If the correct FPGA is referred, in case of multiple FPGAs
    4. If the correct MDM is referred, in case of a multiple MDM system
    

	at com.xilinx.sdk.targetmanager.internal.TM.startJTAGUARTServer(TM.java:951)
	at com.xilinx.sdk.debug.core.internal.comm.JTAGUARTStreamsProxy.<init>(JTAGUARTStreamsProxy.java:32)
	at com.xilinx.sdk.debug.core.internal.RemoteProcess.createStreamsProxy(RemoteProcess.java:164)
	at com.xilinx.sdk.debug.core.internal.RemoteProcess.<init>(RemoteProcess.java:65)
	at com.xilinx.sdk.debug.core.internal.AppRunner.run(AppRunner.java:91)
	at com.xilinx.sdk.debug.core.XilinxAppLaunchConfigurationDelegate.runApplication(XilinxAppLaunchConfigurationDelegate.java:637)
	at com.xilinx.sdk.debug.core.XilinxAppLaunchConfigurationDelegate.launch(XilinxAppLaunchConfigurationDelegate.java:309)
	at com.xilinx.sdk.debug.ui.XilinxAppLaunchDelegateWrapper.launch(XilinxAppLaunchDelegateWrapper.java:31)
	at org.eclipse.debug.internal.core.LaunchConfiguration.launch(LaunchConfiguration.java:885)
	at org.eclipse.debug.internal.core.LaunchConfiguration.launch(LaunchConfiguration.java:739)
	at org.eclipse.debug.internal.ui.DebugUIPlugin.buildAndLaunch(DebugUIPlugin.java:1039)
	at org.eclipse.debug.internal.ui.DebugUIPlugin$8.run(DebugUIPlugin.java:1256)
	at org.eclipse.core.internal.jobs.Worker.run(Worker.java:55)
10:40:47 INFO  : ps7_cortexa9_0 Processor is in use. Please stop existing Run or Debug sessions before launching.
10:40:49 INFO  : Processor reset is completed for ps7_cortexa9_0
10:43:18 ERROR : Unexpected error while parsing XMD response ￿: com.google.gson.JsonSyntaxException: com.google.gson.stream.MalformedJsonException: invalid number or unquoted string near 
