
*** Running vivado
    with args -log version1_hw_blk_mem_gen_0_0.vds -m64 -product Vivado -mode batch -messageDb vivado.pb -notrace -source version1_hw_blk_mem_gen_0_0.tcl


****** Vivado v2017.2 (64-bit)
  **** SW Build 1909853 on Thu Jun 15 18:39:10 MDT 2017
  **** IP Build 1909766 on Thu Jun 15 19:58:00 MDT 2017
    ** Copyright 1986-2017 Xilinx, Inc. All Rights Reserved.

source version1_hw_blk_mem_gen_0_0.tcl -notrace
Starting RTL Elaboration : Time (s): cpu = 00:00:04 ; elapsed = 00:00:04 . Memory (MB): peak = 1211.465 ; gain = 70.996 ; free physical = 9933 ; free virtual = 21791
INFO: [Synth 8-638] synthesizing module 'version1_hw_blk_mem_gen_0_0' [/home/ibai/vivado/ESDC/Lab2/version1_hw/version1_hw.srcs/sources_1/bd/version1_hw/ip/version1_hw_blk_mem_gen_0_0/synth/version1_hw_blk_mem_gen_0_0.vhd:71]
INFO: [Synth 8-256] done synthesizing module 'version1_hw_blk_mem_gen_0_0' (11#1) [/home/ibai/vivado/ESDC/Lab2/version1_hw/version1_hw.srcs/sources_1/bd/version1_hw/ip/version1_hw_blk_mem_gen_0_0/synth/version1_hw_blk_mem_gen_0_0.vhd:71]
Finished RTL Elaboration : Time (s): cpu = 00:00:49 ; elapsed = 00:00:50 . Memory (MB): peak = 1413.863 ; gain = 273.395 ; free physical = 10172 ; free virtual = 22031
Finished RTL Optimization Phase 1 : Time (s): cpu = 00:00:49 ; elapsed = 00:00:50 . Memory (MB): peak = 1413.863 ; gain = 273.395 ; free physical = 10175 ; free virtual = 22035
INFO: [Device 21-403] Loading part xc7z010clg400-1
Constraint Validation Runtime : Time (s): cpu = 00:00:00.01 ; elapsed = 00:00:00.01 . Memory (MB): peak = 1616.859 ; gain = 0.000 ; free physical = 9955 ; free virtual = 21815
Finished Constraint Validation : Time (s): cpu = 00:00:57 ; elapsed = 00:00:58 . Memory (MB): peak = 1616.859 ; gain = 476.391 ; free physical = 10036 ; free virtual = 21896
Finished Loading Part and Timing Information : Time (s): cpu = 00:00:57 ; elapsed = 00:00:58 . Memory (MB): peak = 1616.859 ; gain = 476.391 ; free physical = 10036 ; free virtual = 21896
Finished applying 'set_property' XDC Constraints : Time (s): cpu = 00:00:57 ; elapsed = 00:00:58 . Memory (MB): peak = 1616.859 ; gain = 476.391 ; free physical = 10038 ; free virtual = 21898
Finished RTL Optimization Phase 2 : Time (s): cpu = 00:00:57 ; elapsed = 00:00:58 . Memory (MB): peak = 1616.859 ; gain = 476.391 ; free physical = 10030 ; free virtual = 21890
Finished Cross Boundary and Area Optimization : Time (s): cpu = 00:00:57 ; elapsed = 00:00:58 . Memory (MB): peak = 1616.859 ; gain = 476.391 ; free physical = 10021 ; free virtual = 21881
Finished Applying XDC Timing Constraints : Time (s): cpu = 00:01:03 ; elapsed = 00:01:04 . Memory (MB): peak = 1616.859 ; gain = 476.391 ; free physical = 9891 ; free virtual = 21750
Finished Timing Optimization : Time (s): cpu = 00:01:03 ; elapsed = 00:01:04 . Memory (MB): peak = 1616.859 ; gain = 476.391 ; free physical = 9890 ; free virtual = 21750
Finished Technology Mapping : Time (s): cpu = 00:01:03 ; elapsed = 00:01:04 . Memory (MB): peak = 1617.859 ; gain = 477.391 ; free physical = 9890 ; free virtual = 21750
Finished IO Insertion : Time (s): cpu = 00:01:03 ; elapsed = 00:01:04 . Memory (MB): peak = 1617.859 ; gain = 477.391 ; free physical = 9890 ; free virtual = 21750
Finished Renaming Generated Instances : Time (s): cpu = 00:01:03 ; elapsed = 00:01:04 . Memory (MB): peak = 1617.859 ; gain = 477.391 ; free physical = 9890 ; free virtual = 21750
Finished Rebuilding User Hierarchy : Time (s): cpu = 00:01:03 ; elapsed = 00:01:04 . Memory (MB): peak = 1617.859 ; gain = 477.391 ; free physical = 9890 ; free virtual = 21750
Finished Renaming Generated Ports : Time (s): cpu = 00:01:03 ; elapsed = 00:01:04 . Memory (MB): peak = 1617.859 ; gain = 477.391 ; free physical = 9890 ; free virtual = 21750
Finished Handling Custom Attributes : Time (s): cpu = 00:01:03 ; elapsed = 00:01:04 . Memory (MB): peak = 1617.859 ; gain = 477.391 ; free physical = 9890 ; free virtual = 21750
Finished Renaming Generated Nets : Time (s): cpu = 00:01:03 ; elapsed = 00:01:04 . Memory (MB): peak = 1617.859 ; gain = 477.391 ; free physical = 9890 ; free virtual = 21750

Report Cell Usage: 
+------+-----------+------+
|      |Cell       |Count |
+------+-----------+------+
|1     |LUT1       |     1|
|2     |LUT2       |     2|
|3     |LUT3       |     3|
|4     |RAMB36E1   |     6|
|5     |RAMB36E1_1 |     6|
|6     |FDRE       |     2|
+------+-----------+------+
Finished Writing Synthesis Report : Time (s): cpu = 00:01:03 ; elapsed = 00:01:04 . Memory (MB): peak = 1617.859 ; gain = 477.391 ; free physical = 9890 ; free virtual = 21750
synth_design: Time (s): cpu = 00:01:04 ; elapsed = 00:01:05 . Memory (MB): peak = 1617.867 ; gain = 489.984 ; free physical = 9916 ; free virtual = 21776
